[W 2022-08-11 13:47:50.005 LabApp] 'port' has moved from NotebookApp to ServerApp. This config will be passed to ServerApp. Be sure to update your config before our next release.
[W 2022-08-11 13:47:50.005 LabApp] 'port' has moved from NotebookApp to ServerApp. This config will be passed to ServerApp. Be sure to update your config before our next release.
[W 2022-08-11 13:47:50.005 LabApp] 'port' has moved from NotebookApp to ServerApp. This config will be passed to ServerApp. Be sure to update your config before our next release.
[W 2022-08-11 13:47:50.005 LabApp] 'port' has moved from NotebookApp to ServerApp. This config will be passed to ServerApp. Be sure to update your config before our next release.
[I 2022-08-11 13:47:50.008 LabApp] JupyterLab extension loaded from /home/fs02/pmr82_0001/ah986/rival_framings/lib64/python3.6/site-packages/jupyterlab
[I 2022-08-11 13:47:50.009 LabApp] JupyterLab application directory is /home/fs02/pmr82_0001/ah986/rival_framings/share/jupyter/lab
[I 13:47:50.013 NotebookApp] Serving notebooks from local directory: /home/fs02/pmr82_0001/ah986/drought_classification
[I 13:47:50.013 NotebookApp] Jupyter Notebook 6.4.5 is running at:
[I 13:47:50.013 NotebookApp] http://localhost:18039/?token=f9bdc7b43ee537bc743769859f67255b0bb1b4b3e79d62a5
[I 13:47:50.013 NotebookApp]  or http://127.0.0.1:18039/?token=f9bdc7b43ee537bc743769859f67255b0bb1b4b3e79d62a5
[I 13:47:50.013 NotebookApp] Use Control-C to stop this server and shut down all kernels (twice to skip confirmation).
[C 13:47:50.018 NotebookApp] 
    
    To access the notebook, open this file in a browser:
        file:///home/fs02/pmr82_0001/ah986/.local/share/jupyter/runtime/nbserver-2558008-open.html
    Or copy and paste one of these URLs:
        http://localhost:18039/?token=f9bdc7b43ee537bc743769859f67255b0bb1b4b3e79d62a5
     or http://127.0.0.1:18039/?token=f9bdc7b43ee537bc743769859f67255b0bb1b4b3e79d62a5
[I 13:48:14.962 NotebookApp] 302 GET /?token=f9bdc7b43ee537bc743769859f67255b0bb1b4b3e79d62a5 (::1) 0.490000ms
[I 13:48:21.250 NotebookApp] Saving file at /hive_plots_drought_impacts.ipynb
[W 13:48:21.915 NotebookApp] Notebook hive_plots_drought_impacts.ipynb is not trusted
[W 13:48:21.988 NotebookApp] 404 GET /nbextensions/widgets/notebook/js/extension.js?v=20220811134749 (::1) 7.480000ms referer=http://localhost:8888/notebooks/hive_plots_drought_impacts.ipynb
[I 13:48:22.446 NotebookApp] Kernel started: 62542283-fe81-43e4-8986-8f9ca28acbbf, name: python3
[I 13:50:22.476 NotebookApp] Saving file at /hive_plots_drought_impacts.ipynb
[W 13:50:22.476 NotebookApp] Notebook hive_plots_drought_impacts.ipynb is not trusted
[I 13:52:22.598 NotebookApp] Saving file at /hive_plots_drought_impacts.ipynb
[W 13:52:22.599 NotebookApp] Notebook hive_plots_drought_impacts.ipynb is not trusted
[I 13:54:22.671 NotebookApp] Saving file at /hive_plots_drought_impacts.ipynb
[W 13:54:22.671 NotebookApp] Notebook hive_plots_drought_impacts.ipynb is not trusted
[W 13:57:08.674 NotebookApp] Notebook streamflow_distribution_changes.ipynb is not trusted
[W 13:57:08.689 NotebookApp] 404 GET /nbextensions/widgets/notebook/js/extension.js?v=20220811134749 (::1) 1.680000ms referer=http://localhost:8888/notebooks/streamflow_distribution_changes.ipynb
[I 13:57:09.473 NotebookApp] Kernel started: 2a2de101-4fe7-4de7-81b2-c13f5233cde0, name: python3
[I 13:59:10.929 NotebookApp] Saving file at /streamflow_distribution_changes.ipynb
[W 13:59:10.929 NotebookApp] Notebook streamflow_distribution_changes.ipynb is not trusted
[I 14:01:10.765 NotebookApp] Saving file at /streamflow_distribution_changes.ipynb
[W 14:01:10.765 NotebookApp] Notebook streamflow_distribution_changes.ipynb is not trusted
[I 14:03:11.131 NotebookApp] Saving file at /streamflow_distribution_changes.ipynb
[W 14:03:11.131 NotebookApp] Notebook streamflow_distribution_changes.ipynb is not trusted
[I 14:05:09.959 NotebookApp] Saving file at /streamflow_distribution_changes.ipynb
[W 14:05:09.959 NotebookApp] Notebook streamflow_distribution_changes.ipynb is not trusted
[I 14:07:11.483 NotebookApp] Saving file at /streamflow_distribution_changes.ipynb
[W 14:07:11.483 NotebookApp] Notebook streamflow_distribution_changes.ipynb is not trusted
[I 14:11:10.598 NotebookApp] Saving file at /streamflow_distribution_changes.ipynb
[W 14:11:10.598 NotebookApp] Notebook streamflow_distribution_changes.ipynb is not trusted
[I 14:43:10.638 NotebookApp] Saving file at /streamflow_distribution_changes.ipynb
[W 14:43:10.638 NotebookApp] Notebook streamflow_distribution_changes.ipynb is not trusted
[I 14:53:10.540 NotebookApp] Saving file at /streamflow_distribution_changes.ipynb
[W 14:53:10.541 NotebookApp] Notebook streamflow_distribution_changes.ipynb is not trusted
[I 14:55:10.852 NotebookApp] Saving file at /streamflow_distribution_changes.ipynb
[W 14:55:10.853 NotebookApp] Notebook streamflow_distribution_changes.ipynb is not trusted
[I 15:11:11.164 NotebookApp] Saving file at /streamflow_distribution_changes.ipynb
[W 15:11:11.165 NotebookApp] Notebook streamflow_distribution_changes.ipynb is not trusted
[I 15:15:10.804 NotebookApp] Saving file at /streamflow_distribution_changes.ipynb
[W 15:15:10.804 NotebookApp] Notebook streamflow_distribution_changes.ipynb is not trusted
[W 15:28:17.354 NotebookApp] 404 GET /nbextensions/widgets/notebook/js/extension.js?v=20220811134749 (::1) 1.770000ms referer=http://localhost:8888/notebooks/drought_impacts.ipynb
[I 15:28:18.134 NotebookApp] Kernel started: b81943b8-3511-4c83-979c-8aa635e7bc60, name: python3
[I 15:29:10.247 NotebookApp] Saving file at /streamflow_distribution_changes.ipynb
[W 15:29:10.248 NotebookApp] Notebook streamflow_distribution_changes.ipynb is not trusted
[I 17:47:54.017 NotebookApp] Starting buffering for 2a2de101-4fe7-4de7-81b2-c13f5233cde0:31d2728bac584ce8856841b76f3103c0
[I 17:47:54.165 NotebookApp] Starting buffering for b81943b8-3511-4c83-979c-8aa635e7bc60:cb252b7c2df64b1696e00bda337c8122
[I 17:47:54.210 NotebookApp] Starting buffering for 62542283-fe81-43e4-8986-8f9ca28acbbf:c878570ad5ed4e5084eb47b235f00f4f
[I 17:47:56.323 NotebookApp] Restoring connection for 2a2de101-4fe7-4de7-81b2-c13f5233cde0:31d2728bac584ce8856841b76f3103c0
[I 17:47:56.374 NotebookApp] Restoring connection for b81943b8-3511-4c83-979c-8aa635e7bc60:cb252b7c2df64b1696e00bda337c8122
[I 17:47:56.419 NotebookApp] Restoring connection for 62542283-fe81-43e4-8986-8f9ca28acbbf:c878570ad5ed4e5084eb47b235f00f4f
[W 17:47:58.234 NotebookApp] Got events for closed stream <zmq.eventloop.zmqstream.ZMQStream object at 0x15358e32a710>
[W 17:49:26.324 NotebookApp] WebSocket ping timeout after 90001 ms.
[W 17:49:26.374 NotebookApp] WebSocket ping timeout after 90000 ms.
[W 17:49:26.420 NotebookApp] WebSocket ping timeout after 90000 ms.
[I 17:49:31.327 NotebookApp] Starting buffering for 2a2de101-4fe7-4de7-81b2-c13f5233cde0:31d2728bac584ce8856841b76f3103c0
[I 17:49:31.375 NotebookApp] Starting buffering for b81943b8-3511-4c83-979c-8aa635e7bc60:cb252b7c2df64b1696e00bda337c8122
[I 17:49:31.421 NotebookApp] Starting buffering for 62542283-fe81-43e4-8986-8f9ca28acbbf:c878570ad5ed4e5084eb47b235f00f4f
[I 17:52:50.828 NotebookApp] Restoring connection for 2a2de101-4fe7-4de7-81b2-c13f5233cde0:31d2728bac584ce8856841b76f3103c0
[I 17:52:51.100 NotebookApp] Restoring connection for b81943b8-3511-4c83-979c-8aa635e7bc60:cb252b7c2df64b1696e00bda337c8122
[I 17:52:51.226 NotebookApp] Restoring connection for 62542283-fe81-43e4-8986-8f9ca28acbbf:c878570ad5ed4e5084eb47b235f00f4f
[I 18:00:46.582 NotebookApp] Starting buffering for 2a2de101-4fe7-4de7-81b2-c13f5233cde0:31d2728bac584ce8856841b76f3103c0
[I 18:00:46.582 NotebookApp] Starting buffering for b81943b8-3511-4c83-979c-8aa635e7bc60:cb252b7c2df64b1696e00bda337c8122
[I 18:00:46.583 NotebookApp] Starting buffering for 62542283-fe81-43e4-8986-8f9ca28acbbf:c878570ad5ed4e5084eb47b235f00f4f
[I 18:00:48.159 NotebookApp] Restoring connection for 2a2de101-4fe7-4de7-81b2-c13f5233cde0:31d2728bac584ce8856841b76f3103c0
[I 18:00:48.306 NotebookApp] Restoring connection for b81943b8-3511-4c83-979c-8aa635e7bc60:cb252b7c2df64b1696e00bda337c8122
[I 18:00:48.470 NotebookApp] Restoring connection for 62542283-fe81-43e4-8986-8f9ca28acbbf:c878570ad5ed4e5084eb47b235f00f4f
[W 18:03:48.160 NotebookApp] WebSocket ping timeout after 119804 ms.
[W 18:03:48.307 NotebookApp] WebSocket ping timeout after 119946 ms.
[W 18:03:48.471 NotebookApp] WebSocket ping timeout after 119947 ms.
[I 18:03:53.161 NotebookApp] Starting buffering for 2a2de101-4fe7-4de7-81b2-c13f5233cde0:31d2728bac584ce8856841b76f3103c0
[I 18:03:53.309 NotebookApp] Starting buffering for b81943b8-3511-4c83-979c-8aa635e7bc60:cb252b7c2df64b1696e00bda337c8122
[I 18:03:53.472 NotebookApp] Starting buffering for 62542283-fe81-43e4-8986-8f9ca28acbbf:c878570ad5ed4e5084eb47b235f00f4f
srun: Job step aborted: Waiting up to 32 seconds for job step to finish.
slurmstepd: error: *** STEP 21188.0 ON c0001 CANCELLED AT 2022-08-11T21:48:11 DUE TO TIME LIMIT ***
slurmstepd: error: *** JOB 21188 ON c0001 CANCELLED AT 2022-08-11T21:48:11 DUE TO TIME LIMIT ***
srun: got SIGCONT
srun: forcing job termination
