[W 2022-09-01 14:43:59.608 LabApp] 'port' has moved from NotebookApp to ServerApp. This config will be passed to ServerApp. Be sure to update your config before our next release.
[W 2022-09-01 14:43:59.608 LabApp] 'port' has moved from NotebookApp to ServerApp. This config will be passed to ServerApp. Be sure to update your config before our next release.
[W 2022-09-01 14:43:59.608 LabApp] 'port' has moved from NotebookApp to ServerApp. This config will be passed to ServerApp. Be sure to update your config before our next release.
[W 2022-09-01 14:43:59.608 LabApp] 'port' has moved from NotebookApp to ServerApp. This config will be passed to ServerApp. Be sure to update your config before our next release.
[I 2022-09-01 14:43:59.611 LabApp] JupyterLab extension loaded from /home/fs02/pmr82_0001/ah986/rival_framings/lib64/python3.6/site-packages/jupyterlab
[I 2022-09-01 14:43:59.611 LabApp] JupyterLab application directory is /home/fs02/pmr82_0001/ah986/rival_framings/share/jupyter/lab
[I 14:43:59.615 NotebookApp] Serving notebooks from local directory: /home/fs02/pmr82_0001/ah986/drought_classification
[I 14:43:59.615 NotebookApp] Jupyter Notebook 6.4.5 is running at:
[I 14:43:59.615 NotebookApp] http://localhost:18156/?token=71b9bd4b65e409b8032cd6e72e0c1422a93c11b9800d85f5
[I 14:43:59.615 NotebookApp]  or http://127.0.0.1:18156/?token=71b9bd4b65e409b8032cd6e72e0c1422a93c11b9800d85f5
[I 14:43:59.615 NotebookApp] Use Control-C to stop this server and shut down all kernels (twice to skip confirmation).
[C 14:43:59.621 NotebookApp] 
    
    To access the notebook, open this file in a browser:
        file:///home/fs02/pmr82_0001/ah986/.local/share/jupyter/runtime/nbserver-2341031-open.html
    Or copy and paste one of these URLs:
        http://localhost:18156/?token=71b9bd4b65e409b8032cd6e72e0c1422a93c11b9800d85f5
     or http://127.0.0.1:18156/?token=71b9bd4b65e409b8032cd6e72e0c1422a93c11b9800d85f5
[I 15:15:12.883 NotebookApp] 302 GET /?token=71b9bd4b65e409b8032cd6e72e0c1422a93c11b9800d85f5 (::1) 0.420000ms
[W 15:20:12.270 NotebookApp] Notebook drought_impacts_all_users_summary.ipynb is not trusted
[W 15:20:12.838 NotebookApp] 404 GET /nbextensions/widgets/notebook/js/extension.js?v=20220901144356 (::1) 7.820000ms referer=http://localhost:8888/notebooks/drought_impacts.ipynb
[I 15:20:12.932 NotebookApp] Kernel started: fcd9b483-212c-4f46-a25c-ad37320555a3, name: python3
Exception in callback <TaskStepMethWrapper object at 0x15051e4d05c0>()
handle: <Handle <TaskStepMethWrapper object at 0x15051e4d05c0>()>
Traceback (most recent call last):
  File "/usr/lib64/python3.6/asyncio/events.py", line 145, in _run
    self._callback(*self._args)
KeyError: <_UnixSelectorEventLoop running=True closed=False debug=False>
[I 15:20:13.674 NotebookApp] Kernel started: fcd7868d-3537-43d4-bb1e-4fc860a8222e, name: python3
[W 15:20:13.837 NotebookApp] 404 GET /nbextensions/widgets/notebook/js/extension.js?v=20220901144356 (::1) 1.650000ms referer=http://localhost:8888/notebooks/drought_impacts_all_users_summary.ipynb
[I 15:21:58.234 NotebookApp] Starting buffering for fcd7868d-3537-43d4-bb1e-4fc860a8222e:5597231a5e4c4b7483f133c47185fc57
[I 15:22:07.132 NotebookApp] Starting buffering for fcd9b483-212c-4f46-a25c-ad37320555a3:d069eb74018e476d8324c749a236eaed
[W 15:22:18.268 NotebookApp] Notebook hive_plots_drought_impacts.ipynb is not trusted
[W 15:22:18.278 NotebookApp] 404 GET /nbextensions/widgets/notebook/js/extension.js?v=20220901144356 (::1) 1.400000ms referer=http://localhost:8888/notebooks/hive_plots_drought_impacts.ipynb
[I 15:22:18.737 NotebookApp] Kernel started: a4a2fd84-0114-47bf-9a42-b1a007d03637, name: python3
[W 15:28:33.818 NotebookApp] Notebook drought_impacts_all_users_summary.ipynb is not trusted
[W 15:28:33.826 NotebookApp] 404 GET /nbextensions/widgets/notebook/js/extension.js?v=20220901144356 (::1) 1.260000ms referer=http://localhost:8888/notebooks/drought_impacts_all_users_summary.ipynb
[I 15:30:34.439 NotebookApp] Saving file at /drought_impacts_all_users_summary.ipynb
[W 15:30:34.440 NotebookApp] Notebook drought_impacts_all_users_summary.ipynb is not trusted
[I 15:32:34.542 NotebookApp] Saving file at /drought_impacts_all_users_summary.ipynb
[W 15:32:34.542 NotebookApp] Notebook drought_impacts_all_users_summary.ipynb is not trusted
[I 15:34:34.745 NotebookApp] Saving file at /drought_impacts_all_users_summary.ipynb
[W 15:34:34.745 NotebookApp] Notebook drought_impacts_all_users_summary.ipynb is not trusted
[I 15:36:34.400 NotebookApp] Saving file at /drought_impacts_all_users_summary.ipynb
[W 15:36:34.400 NotebookApp] Notebook drought_impacts_all_users_summary.ipynb is not trusted
[I 15:42:34.621 NotebookApp] Saving file at /drought_impacts_all_users_summary.ipynb
[W 15:42:34.622 NotebookApp] Notebook drought_impacts_all_users_summary.ipynb is not trusted
[I 15:44:34.345 NotebookApp] Saving file at /drought_impacts_all_users_summary.ipynb
[W 15:44:34.345 NotebookApp] Notebook drought_impacts_all_users_summary.ipynb is not trusted
[I 15:46:34.836 NotebookApp] Saving file at /drought_impacts_all_users_summary.ipynb
[W 15:46:34.836 NotebookApp] Notebook drought_impacts_all_users_summary.ipynb is not trusted
[I 15:48:35.315 NotebookApp] Saving file at /drought_impacts_all_users_summary.ipynb
[W 15:48:35.315 NotebookApp] Notebook drought_impacts_all_users_summary.ipynb is not trusted
[I 15:50:35.474 NotebookApp] Saving file at /drought_impacts_all_users_summary.ipynb
[W 15:50:35.475 NotebookApp] Notebook drought_impacts_all_users_summary.ipynb is not trusted
[I 15:52:35.894 NotebookApp] Saving file at /drought_impacts_all_users_summary.ipynb
[W 15:52:35.894 NotebookApp] Notebook drought_impacts_all_users_summary.ipynb is not trusted
[I 15:54:35.706 NotebookApp] Saving file at /drought_impacts_all_users_summary.ipynb
[W 15:54:35.707 NotebookApp] Notebook drought_impacts_all_users_summary.ipynb is not trusted
[I 15:56:34.463 NotebookApp] Saving file at /drought_impacts_all_users_summary.ipynb
[W 15:56:34.463 NotebookApp] Notebook drought_impacts_all_users_summary.ipynb is not trusted
[I 15:58:35.011 NotebookApp] Saving file at /drought_impacts_all_users_summary.ipynb
[W 15:58:35.011 NotebookApp] Notebook drought_impacts_all_users_summary.ipynb is not trusted
[I 16:00:34.901 NotebookApp] Saving file at /drought_impacts_all_users_summary.ipynb
[W 16:00:34.901 NotebookApp] Notebook drought_impacts_all_users_summary.ipynb is not trusted
[I 16:02:34.962 NotebookApp] Saving file at /drought_impacts_all_users_summary.ipynb
[W 16:02:34.962 NotebookApp] Notebook drought_impacts_all_users_summary.ipynb is not trusted
[I 16:04:35.091 NotebookApp] Saving file at /drought_impacts_all_users_summary.ipynb
[W 16:04:35.091 NotebookApp] Notebook drought_impacts_all_users_summary.ipynb is not trusted
[I 16:06:35.019 NotebookApp] Saving file at /drought_impacts_all_users_summary.ipynb
[W 16:06:35.020 NotebookApp] Notebook drought_impacts_all_users_summary.ipynb is not trusted
[I 16:08:34.692 NotebookApp] Saving file at /drought_impacts_all_users_summary.ipynb
[W 16:08:34.692 NotebookApp] Notebook drought_impacts_all_users_summary.ipynb is not trusted
[I 16:10:34.401 NotebookApp] Saving file at /drought_impacts_all_users_summary.ipynb
[W 16:10:34.402 NotebookApp] Notebook drought_impacts_all_users_summary.ipynb is not trusted
[I 16:12:34.418 NotebookApp] Saving file at /drought_impacts_all_users_summary.ipynb
[W 16:12:34.419 NotebookApp] Notebook drought_impacts_all_users_summary.ipynb is not trusted
[I 16:14:34.862 NotebookApp] Saving file at /drought_impacts_all_users_summary.ipynb
[W 16:14:34.862 NotebookApp] Notebook drought_impacts_all_users_summary.ipynb is not trusted
[I 16:16:34.882 NotebookApp] Saving file at /drought_impacts_all_users_summary.ipynb
[W 16:16:34.882 NotebookApp] Notebook drought_impacts_all_users_summary.ipynb is not trusted
[I 16:18:34.601 NotebookApp] Saving file at /drought_impacts_all_users_summary.ipynb
[W 16:18:34.602 NotebookApp] Notebook drought_impacts_all_users_summary.ipynb is not trusted
[I 16:20:34.822 NotebookApp] Saving file at /drought_impacts_all_users_summary.ipynb
[W 16:20:34.822 NotebookApp] Notebook drought_impacts_all_users_summary.ipynb is not trusted
[I 16:22:34.337 NotebookApp] Saving file at /drought_impacts_all_users_summary.ipynb
[W 16:22:34.338 NotebookApp] Notebook drought_impacts_all_users_summary.ipynb is not trusted
[I 16:24:35.997 NotebookApp] Saving file at /drought_impacts_all_users_summary.ipynb
[W 16:24:35.998 NotebookApp] Notebook drought_impacts_all_users_summary.ipynb is not trusted
[I 16:26:34.495 NotebookApp] Saving file at /drought_impacts_all_users_summary.ipynb
[W 16:26:34.495 NotebookApp] Notebook drought_impacts_all_users_summary.ipynb is not trusted
[I 16:28:34.342 NotebookApp] Saving file at /drought_impacts_all_users_summary.ipynb
[W 16:28:34.342 NotebookApp] Notebook drought_impacts_all_users_summary.ipynb is not trusted
[I 16:30:34.333 NotebookApp] Saving file at /drought_impacts_all_users_summary.ipynb
[W 16:30:34.334 NotebookApp] Notebook drought_impacts_all_users_summary.ipynb is not trusted
[I 16:31:45.094 NotebookApp] Starting buffering for fcd9b483-212c-4f46-a25c-ad37320555a3:466cc7679ac94409845db321cdfe23eb
[I 16:31:45.095 NotebookApp] Starting buffering for a4a2fd84-0114-47bf-9a42-b1a007d03637:135103891ae247b886f68050a6a68c0f
[I 16:31:46.798 NotebookApp] Restoring connection for fcd9b483-212c-4f46-a25c-ad37320555a3:466cc7679ac94409845db321cdfe23eb
[I 16:31:46.931 NotebookApp] Restoring connection for a4a2fd84-0114-47bf-9a42-b1a007d03637:135103891ae247b886f68050a6a68c0f
[W 16:34:16.799 NotebookApp] WebSocket ping timeout after 117391 ms.
[W 16:34:16.932 NotebookApp] WebSocket ping timeout after 117523 ms.
[W 16:34:17.505 NotebookApp] zmq message arrived on closed channel
[W 16:34:18.587 NotebookApp] zmq message arrived on closed channel
[I 16:34:21.802 NotebookApp] Starting buffering for fcd9b483-212c-4f46-a25c-ad37320555a3:466cc7679ac94409845db321cdfe23eb
[I 16:34:21.933 NotebookApp] Starting buffering for a4a2fd84-0114-47bf-9a42-b1a007d03637:135103891ae247b886f68050a6a68c0f
srun: Job step aborted: Waiting up to 32 seconds for job step to finish.
slurmstepd: error: *** STEP 21782.0 ON c0001 CANCELLED AT 2022-09-01T22:44:03 DUE TO TIME LIMIT ***
slurmstepd: error: *** JOB 21782 ON c0001 CANCELLED AT 2022-09-01T22:44:03 DUE TO TIME LIMIT ***
[C 22:44:03.714 NotebookApp] received signal 15, stopping
srun: got SIGCONT
srun: forcing job termination
[C 22:44:03.715 NotebookApp] received signal 15, stopping
[I 22:44:03.715 NotebookApp] Shutting down 3 kernels
[I 22:44:03.716 NotebookApp] Discarding 78 buffered messages for fcd9b483-212c-4f46-a25c-ad37320555a3:466cc7679ac94409845db321cdfe23eb
[I 22:44:03.717 NotebookApp] Kernel shutdown: fcd9b483-212c-4f46-a25c-ad37320555a3
