[W 2022-07-28 13:23:09.321 LabApp] 'port' has moved from NotebookApp to ServerApp. This config will be passed to ServerApp. Be sure to update your config before our next release.
[W 2022-07-28 13:23:09.321 LabApp] 'port' has moved from NotebookApp to ServerApp. This config will be passed to ServerApp. Be sure to update your config before our next release.
[W 2022-07-28 13:23:09.321 LabApp] 'port' has moved from NotebookApp to ServerApp. This config will be passed to ServerApp. Be sure to update your config before our next release.
[W 2022-07-28 13:23:09.321 LabApp] 'port' has moved from NotebookApp to ServerApp. This config will be passed to ServerApp. Be sure to update your config before our next release.
[I 2022-07-28 13:23:09.324 LabApp] JupyterLab extension loaded from /home/fs02/pmr82_0001/ah986/rival_framings/lib64/python3.6/site-packages/jupyterlab
[I 2022-07-28 13:23:09.324 LabApp] JupyterLab application directory is /home/fs02/pmr82_0001/ah986/rival_framings/share/jupyter/lab
[I 13:23:09.328 NotebookApp] Serving notebooks from local directory: /home/fs02/pmr82_0001/ah986/drought_classification
[I 13:23:09.328 NotebookApp] Jupyter Notebook 6.4.5 is running at:
[I 13:23:09.328 NotebookApp] http://localhost:18053/?token=c231bf0ee32818ad2625e210b1fc6969d08b8b8c83c99c9c
[I 13:23:09.328 NotebookApp]  or http://127.0.0.1:18053/?token=c231bf0ee32818ad2625e210b1fc6969d08b8b8c83c99c9c
[I 13:23:09.328 NotebookApp] Use Control-C to stop this server and shut down all kernels (twice to skip confirmation).
[C 13:23:09.349 NotebookApp] 
    
    To access the notebook, open this file in a browser:
        file:///home/fs02/pmr82_0001/ah986/.local/share/jupyter/runtime/nbserver-2228384-open.html
    Or copy and paste one of these URLs:
        http://localhost:18053/?token=c231bf0ee32818ad2625e210b1fc6969d08b8b8c83c99c9c
     or http://127.0.0.1:18053/?token=c231bf0ee32818ad2625e210b1fc6969d08b8b8c83c99c9c
[I 13:26:36.065 NotebookApp] 302 GET /?token=c231bf0ee32818ad2625e210b1fc6969d08b8b8c83c99c9c (::1) 0.380000ms
[I 13:32:34.341 NotebookApp] Kernel started: 5fa9dedb-6714-4b1c-be4f-f26e12d8f835, name: python3
Exception in callback <TaskStepMethWrapper object at 0x14b06f618c50>()
handle: <Handle <TaskStepMethWrapper object at 0x14b06f618c50>()>
Traceback (most recent call last):
  File "/usr/lib64/python3.6/asyncio/events.py", line 145, in _run
    self._callback(*self._args)
KeyError: <_UnixSelectorEventLoop running=True closed=False debug=False>
[W 13:32:34.976 NotebookApp] 404 GET /nbextensions/widgets/notebook/js/extension.js?v=20220728132307 (::1) 7.430000ms referer=http://localhost:8888/notebooks/drought_impacts.ipynb
[I 13:34:31.916 NotebookApp] Creating new notebook in 
[W 13:34:33.036 NotebookApp] 404 GET /nbextensions/widgets/notebook/js/extension.js?v=20220728132307 (::1) 1.490000ms referer=http://localhost:8888/notebooks/Untitled.ipynb?kernel_name=python3
[I 13:34:33.157 NotebookApp] Kernel started: 3a16c616-e357-48be-be2e-f7f39278a85c, name: python3
[I 13:34:45.356 NotebookApp] Starting buffering for 5fa9dedb-6714-4b1c-be4f-f26e12d8f835:184438e3b783459389b7cdb138b8346b
[I 13:36:33.248 NotebookApp] Saving file at /streamflow_distribution_changes.ipynb
[I 13:38:36.365 NotebookApp] Saving file at /streamflow_distribution_changes.ipynb
[I 13:40:34.311 NotebookApp] Saving file at /streamflow_distribution_changes.ipynb
[I 13:42:33.227 NotebookApp] Saving file at /streamflow_distribution_changes.ipynb
[I 13:44:33.210 NotebookApp] Saving file at /streamflow_distribution_changes.ipynb
[I 13:46:34.168 NotebookApp] Saving file at /streamflow_distribution_changes.ipynb
[I 13:48:33.213 NotebookApp] Saving file at /streamflow_distribution_changes.ipynb
[I 13:50:33.223 NotebookApp] Saving file at /streamflow_distribution_changes.ipynb
[I 13:54:33.208 NotebookApp] Saving file at /streamflow_distribution_changes.ipynb
[IPKernelApp] ERROR | Exception in message handler:
Traceback (most recent call last):
  File "/home/fs02/pmr82_0001/ah986/rival_framings/lib64/python3.6/site-packages/ipykernel/kernelbase.py", line 261, in dispatch_shell
    yield gen.maybe_future(handler(stream, idents, msg))
  File "/home/fs02/pmr82_0001/ah986/rival_framings/lib64/python3.6/site-packages/tornado/gen.py", line 762, in run
    value = future.result()
  File "/home/fs02/pmr82_0001/ah986/rival_framings/lib64/python3.6/site-packages/tornado/gen.py", line 234, in wrapper
    yielded = ctx_run(next, result)
  File "/home/fs02/pmr82_0001/ah986/rival_framings/lib64/python3.6/site-packages/contextvars/__init__.py", line 38, in run
    return callable(*args, **kwargs)
  File "/home/fs02/pmr82_0001/ah986/rival_framings/lib64/python3.6/site-packages/ipykernel/kernelbase.py", line 579, in complete_request
    matches = yield gen.maybe_future(self.do_complete(code, cursor_pos))
  File "/home/fs02/pmr82_0001/ah986/rival_framings/lib64/python3.6/site-packages/ipykernel/ipkernel.py", line 356, in do_complete
    return self._experimental_do_complete(code, cursor_pos)
  File "/home/fs02/pmr82_0001/ah986/rival_framings/lib64/python3.6/site-packages/ipykernel/ipkernel.py", line 381, in _experimental_do_complete
    completions = list(_rectify_completions(code, raw_completions))
  File "/home/fs02/pmr82_0001/ah986/rival_framings/lib64/python3.6/site-packages/IPython/core/completer.py", line 484, in rectify_completions
    completions = list(completions)
  File "/home/fs02/pmr82_0001/ah986/rival_framings/lib64/python3.6/site-packages/IPython/core/completer.py", line 1818, in completions
    for c in self._completions(text, offset, _timeout=self.jedi_compute_type_timeout/1000):
  File "/home/fs02/pmr82_0001/ah986/rival_framings/lib64/python3.6/site-packages/IPython/core/completer.py", line 1862, in _completions
    full_text=full_text, cursor_line=cursor_line, cursor_pos=cursor_column)
  File "/home/fs02/pmr82_0001/ah986/rival_framings/lib64/python3.6/site-packages/IPython/core/completer.py", line 2030, in _complete
    cursor_pos, cursor_line, full_text)
  File "/home/fs02/pmr82_0001/ah986/rival_framings/lib64/python3.6/site-packages/IPython/core/completer.py", line 1374, in _jedi_matches
    text[:offset], namespaces, column=cursor_column, line=cursor_line + 1)
  File "/home/fs02/pmr82_0001/ah986/rival_framings/lib64/python3.6/site-packages/jedi/api/__init__.py", line 726, in __init__
    project=Project(Path.cwd()), **kwds)
TypeError: __init__() got an unexpected keyword argument 'column'
[I 13:56:33.207 NotebookApp] Saving file at /streamflow_distribution_changes.ipynb
[I 13:58:33.265 NotebookApp] Saving file at /streamflow_distribution_changes.ipynb
[I 14:00:33.196 NotebookApp] Saving file at /streamflow_distribution_changes.ipynb
[I 14:02:33.219 NotebookApp] Saving file at /streamflow_distribution_changes.ipynb
[I 14:04:33.267 NotebookApp] Saving file at /streamflow_distribution_changes.ipynb
[I 14:06:33.270 NotebookApp] Saving file at /streamflow_distribution_changes.ipynb
[I 14:08:33.298 NotebookApp] Saving file at /streamflow_distribution_changes.ipynb
[I 14:12:33.208 NotebookApp] Saving file at /streamflow_distribution_changes.ipynb
[I 14:14:33.478 NotebookApp] Saving file at /streamflow_distribution_changes.ipynb
[I 14:18:33.299 NotebookApp] Saving file at /streamflow_distribution_changes.ipynb
[I 14:22:33.289 NotebookApp] Saving file at /streamflow_distribution_changes.ipynb
[I 14:24:33.236 NotebookApp] Saving file at /streamflow_distribution_changes.ipynb
[I 14:28:34.352 NotebookApp] Saving file at /streamflow_distribution_changes.ipynb
[I 14:30:33.339 NotebookApp] Saving file at /streamflow_distribution_changes.ipynb
[I 14:32:33.287 NotebookApp] Saving file at /streamflow_distribution_changes.ipynb
[I 14:34:33.347 NotebookApp] Saving file at /streamflow_distribution_changes.ipynb
[I 14:36:33.294 NotebookApp] Saving file at /streamflow_distribution_changes.ipynb
[I 14:38:33.466 NotebookApp] Saving file at /streamflow_distribution_changes.ipynb
[I 14:40:33.281 NotebookApp] Saving file at /streamflow_distribution_changes.ipynb
[I 14:42:33.311 NotebookApp] Saving file at /streamflow_distribution_changes.ipynb
[I 14:44:33.268 NotebookApp] Saving file at /streamflow_distribution_changes.ipynb
[I 14:58:33.324 NotebookApp] Saving file at /streamflow_distribution_changes.ipynb
[I 15:08:33.408 NotebookApp] Saving file at /streamflow_distribution_changes.ipynb
[I 15:12:33.338 NotebookApp] Saving file at /streamflow_distribution_changes.ipynb
[I 15:14:33.360 NotebookApp] Saving file at /streamflow_distribution_changes.ipynb
[I 15:16:34.011 NotebookApp] Saving file at /streamflow_distribution_changes.ipynb
[I 15:18:33.438 NotebookApp] Saving file at /streamflow_distribution_changes.ipynb
[I 15:20:33.210 NotebookApp] Saving file at /streamflow_distribution_changes.ipynb
[I 15:22:33.255 NotebookApp] Saving file at /streamflow_distribution_changes.ipynb
[I 15:24:33.248 NotebookApp] Saving file at /streamflow_distribution_changes.ipynb
[I 15:26:33.532 NotebookApp] Saving file at /streamflow_distribution_changes.ipynb
[I 15:28:33.275 NotebookApp] Saving file at /streamflow_distribution_changes.ipynb
[I 15:30:33.488 NotebookApp] Saving file at /streamflow_distribution_changes.ipynb
[I 15:32:33.398 NotebookApp] Saving file at /streamflow_distribution_changes.ipynb
[I 15:34:33.248 NotebookApp] Saving file at /streamflow_distribution_changes.ipynb
[I 15:36:33.486 NotebookApp] Saving file at /streamflow_distribution_changes.ipynb
[I 15:38:33.456 NotebookApp] Saving file at /streamflow_distribution_changes.ipynb
[I 15:40:33.378 NotebookApp] Saving file at /streamflow_distribution_changes.ipynb
[I 15:44:33.241 NotebookApp] Saving file at /streamflow_distribution_changes.ipynb
[I 15:46:33.335 NotebookApp] Saving file at /streamflow_distribution_changes.ipynb
[I 15:48:33.363 NotebookApp] Saving file at /streamflow_distribution_changes.ipynb
[I 15:50:33.282 NotebookApp] Saving file at /streamflow_distribution_changes.ipynb
[I 15:52:33.355 NotebookApp] Saving file at /streamflow_distribution_changes.ipynb
[I 15:54:33.359 NotebookApp] Saving file at /streamflow_distribution_changes.ipynb
[I 15:56:33.580 NotebookApp] Saving file at /streamflow_distribution_changes.ipynb
[I 15:58:33.494 NotebookApp] Saving file at /streamflow_distribution_changes.ipynb
[I 16:00:33.277 NotebookApp] Saving file at /streamflow_distribution_changes.ipynb
[I 16:02:33.689 NotebookApp] Saving file at /streamflow_distribution_changes.ipynb
[I 16:04:33.507 NotebookApp] Saving file at /streamflow_distribution_changes.ipynb
[I 16:06:33.509 NotebookApp] Saving file at /streamflow_distribution_changes.ipynb
[I 16:08:33.351 NotebookApp] Saving file at /streamflow_distribution_changes.ipynb
[I 16:10:33.326 NotebookApp] Saving file at /streamflow_distribution_changes.ipynb
[I 16:12:33.317 NotebookApp] Saving file at /streamflow_distribution_changes.ipynb
[I 16:14:33.336 NotebookApp] Saving file at /streamflow_distribution_changes.ipynb
[I 16:16:34.708 NotebookApp] Saving file at /streamflow_distribution_changes.ipynb
[I 16:18:33.338 NotebookApp] Saving file at /streamflow_distribution_changes.ipynb
[I 16:20:36.000 NotebookApp] Saving file at /streamflow_distribution_changes.ipynb
[I 16:22:33.301 NotebookApp] Saving file at /streamflow_distribution_changes.ipynb
[I 16:24:33.217 NotebookApp] Saving file at /streamflow_distribution_changes.ipynb
[I 16:26:33.319 NotebookApp] Saving file at /streamflow_distribution_changes.ipynb
[I 16:34:33.563 NotebookApp] Saving file at /streamflow_distribution_changes.ipynb
[I 16:36:33.531 NotebookApp] Saving file at /streamflow_distribution_changes.ipynb
[I 16:38:33.518 NotebookApp] Saving file at /streamflow_distribution_changes.ipynb
[I 16:50:33.611 NotebookApp] Saving file at /streamflow_distribution_changes.ipynb
[I 16:52:34.232 NotebookApp] Saving file at /streamflow_distribution_changes.ipynb
[I 16:54:33.735 NotebookApp] Saving file at /streamflow_distribution_changes.ipynb
[I 16:56:33.608 NotebookApp] Saving file at /streamflow_distribution_changes.ipynb
[I 16:58:33.784 NotebookApp] Saving file at /streamflow_distribution_changes.ipynb
[I 17:00:33.510 NotebookApp] Saving file at /streamflow_distribution_changes.ipynb
[I 17:02:33.336 NotebookApp] Saving file at /streamflow_distribution_changes.ipynb
[I 17:04:33.633 NotebookApp] Saving file at /streamflow_distribution_changes.ipynb
[W 17:07:08.693 NotebookApp] 404 GET /nbextensions/widgets/notebook/js/extension.js?v=20220728132307 (::1) 2.010000ms referer=http://localhost:8888/notebooks/drought_impacts.ipynb
[I 17:07:15.657 NotebookApp] Starting buffering for 5fa9dedb-6714-4b1c-be4f-f26e12d8f835:375db79703ef439ead2235875f8761f2
[I 17:08:33.391 NotebookApp] Saving file at /streamflow_distribution_changes.ipynb
[W 17:17:48.416 NotebookApp] 404 GET /nbextensions/widgets/notebook/js/extension.js?v=20220728132307 (::1) 1.620000ms referer=http://localhost:8888/notebooks/drought_impacts_all_users_summary.ipynb
[I 17:17:48.820 NotebookApp] Kernel started: 88626767-0cb3-4ed9-931f-11a244125640, name: python3
[I 17:18:54.625 NotebookApp] Starting buffering for 88626767-0cb3-4ed9-931f-11a244125640:8848b8ffc7c44bafb01cf7bda51be882
[I 17:18:55.105 NotebookApp] Starting buffering for 3a16c616-e357-48be-be2e-f7f39278a85c:9b62bbb451f6469f870c5622a625ba54
srun: Job step aborted: Waiting up to 32 seconds for job step to finish.
slurmstepd: error: *** STEP 20905.0 ON c0001 CANCELLED AT 2022-07-28T17:23:12 ***
slurmstepd: error: *** JOB 20905 ON c0001 CANCELLED AT 2022-07-28T17:23:12 ***
[C 17:23:12.745 NotebookApp] received signal 15, stopping
srun: got SIGCONT
srun: forcing job termination
[I 17:23:12.747 NotebookApp] Shutting down 3 kernels
[I 17:23:12.748 NotebookApp] Kernel shutdown: 5fa9dedb-6714-4b1c-be4f-f26e12d8f835
