[W 2022-09-16 09:50:27.425 LabApp] 'port' has moved from NotebookApp to ServerApp. This config will be passed to ServerApp. Be sure to update your config before our next release.
[W 2022-09-16 09:50:27.425 LabApp] 'port' has moved from NotebookApp to ServerApp. This config will be passed to ServerApp. Be sure to update your config before our next release.
[W 2022-09-16 09:50:27.425 LabApp] 'port' has moved from NotebookApp to ServerApp. This config will be passed to ServerApp. Be sure to update your config before our next release.
[W 2022-09-16 09:50:27.425 LabApp] 'port' has moved from NotebookApp to ServerApp. This config will be passed to ServerApp. Be sure to update your config before our next release.
[I 2022-09-16 09:50:27.428 LabApp] JupyterLab extension loaded from /home/fs02/pmr82_0001/ah986/rival_framings/lib64/python3.6/site-packages/jupyterlab
[I 2022-09-16 09:50:27.428 LabApp] JupyterLab application directory is /home/fs02/pmr82_0001/ah986/rival_framings/share/jupyter/lab
[I 09:50:27.432 NotebookApp] Serving notebooks from local directory: /home/fs02/pmr82_0001/ah986/drought_classification
[I 09:50:27.432 NotebookApp] Jupyter Notebook 6.4.5 is running at:
[I 09:50:27.432 NotebookApp] http://localhost:18480/?token=a37ceec813e502e164f3df0b42507013f72f9b66307086d5
[I 09:50:27.432 NotebookApp]  or http://127.0.0.1:18480/?token=a37ceec813e502e164f3df0b42507013f72f9b66307086d5
[I 09:50:27.432 NotebookApp] Use Control-C to stop this server and shut down all kernels (twice to skip confirmation).
[C 09:50:27.438 NotebookApp] 
    
    To access the notebook, open this file in a browser:
        file:///home/fs02/pmr82_0001/ah986/.local/share/jupyter/runtime/nbserver-2546653-open.html
    Or copy and paste one of these URLs:
        http://localhost:18480/?token=a37ceec813e502e164f3df0b42507013f72f9b66307086d5
     or http://127.0.0.1:18480/?token=a37ceec813e502e164f3df0b42507013f72f9b66307086d5
[I 09:51:21.793 NotebookApp] 302 GET /?token=a37ceec813e502e164f3df0b42507013f72f9b66307086d5 (::1) 0.370000ms
[W 09:51:25.430 NotebookApp] 404 GET /nbextensions/widgets/notebook/js/extension.js?v=20220916095026 (::1) 6.730000ms referer=http://localhost:8888/notebooks/hive_plots_drought_impacts-non_stationary.ipynb
[I 09:51:25.783 NotebookApp] Kernel started: d4c36f9a-ce58-4b02-a777-a9c0048f5e79, name: python3
Exception in callback <TaskStepMethWrapper object at 0x1498c5566710>()
handle: <Handle <TaskStepMethWrapper object at 0x1498c5566710>()>
Traceback (most recent call last):
  File "/usr/lib64/python3.6/asyncio/events.py", line 145, in _run
    self._callback(*self._args)
KeyError: <_UnixSelectorEventLoop running=True closed=False debug=False>
[I 10:02:45.728 NotebookApp] Starting buffering for d4c36f9a-ce58-4b02-a777-a9c0048f5e79:2232e596083546ed95dce8fbef4faf59
srun: got SIGCONT
slurmstepd: error: *** JOB 22008 ON c0001 CANCELLED AT 2022-09-16T11:41:41 ***
slurmstepd: error: *** STEP 22008.0 ON c0001 CANCELLED AT 2022-09-16T11:41:41 ***
[C 11:41:41.267 NotebookApp] received signal 15, stopping
srun: forcing job termination
srun: Job step aborted: Waiting up to 32 seconds for job step to finish.
[I 11:41:41.268 NotebookApp] Shutting down 1 kernel
[I 11:41:41.269 NotebookApp] Kernel shutdown: d4c36f9a-ce58-4b02-a777-a9c0048f5e79
