[W 2022-09-08 13:37:51.736 LabApp] 'port' has moved from NotebookApp to ServerApp. This config will be passed to ServerApp. Be sure to update your config before our next release.
[W 2022-09-08 13:37:51.736 LabApp] 'port' has moved from NotebookApp to ServerApp. This config will be passed to ServerApp. Be sure to update your config before our next release.
[W 2022-09-08 13:37:51.736 LabApp] 'port' has moved from NotebookApp to ServerApp. This config will be passed to ServerApp. Be sure to update your config before our next release.
[W 2022-09-08 13:37:51.736 LabApp] 'port' has moved from NotebookApp to ServerApp. This config will be passed to ServerApp. Be sure to update your config before our next release.
[I 2022-09-08 13:37:51.739 LabApp] JupyterLab extension loaded from /home/fs02/pmr82_0001/ah986/rival_framings/lib64/python3.6/site-packages/jupyterlab
[I 2022-09-08 13:37:51.739 LabApp] JupyterLab application directory is /home/fs02/pmr82_0001/ah986/rival_framings/share/jupyter/lab
[I 13:37:51.743 NotebookApp] Serving notebooks from local directory: /home/fs02/pmr82_0001/ah986/drought_classification
[I 13:37:51.743 NotebookApp] Jupyter Notebook 6.4.5 is running at:
[I 13:37:51.743 NotebookApp] http://localhost:18336/?token=4e35d94f676ae6c48c99104f9fe51dad51d4bdf22734d554
[I 13:37:51.743 NotebookApp]  or http://127.0.0.1:18336/?token=4e35d94f676ae6c48c99104f9fe51dad51d4bdf22734d554
[I 13:37:51.743 NotebookApp] Use Control-C to stop this server and shut down all kernels (twice to skip confirmation).
[C 13:37:51.749 NotebookApp] 
    
    To access the notebook, open this file in a browser:
        file:///home/fs02/pmr82_0001/ah986/.local/share/jupyter/runtime/nbserver-2446341-open.html
    Or copy and paste one of these URLs:
        http://localhost:18336/?token=4e35d94f676ae6c48c99104f9fe51dad51d4bdf22734d554
     or http://127.0.0.1:18336/?token=4e35d94f676ae6c48c99104f9fe51dad51d4bdf22734d554
[I 13:38:38.019 NotebookApp] 302 GET /?token=4e35d94f676ae6c48c99104f9fe51dad51d4bdf22734d554 (::1) 0.280000ms
[W 13:38:44.276 NotebookApp] 404 GET /api/kernels/33ed72bd-bf27-49bc-afea-e3cba1ea65eb/channels?session_id=bee76b5f0029469799cdf2c0603aeeb7 (::1): Kernel does not exist: 33ed72bd-bf27-49bc-afea-e3cba1ea65eb
[W 13:38:44.280 NotebookApp] 404 GET /api/kernels/33ed72bd-bf27-49bc-afea-e3cba1ea65eb/channels?session_id=bee76b5f0029469799cdf2c0603aeeb7 (::1) 5.910000ms referer=None
[I 13:38:44.283 NotebookApp] Saving file at /hive_plots_drought_impacts.ipynb
[W 13:38:44.801 NotebookApp] Notebook hive_plots_drought_impacts.ipynb is not trusted
[W 13:38:44.857 NotebookApp] 404 GET /nbextensions/widgets/notebook/js/extension.js?v=20220908133751 (::1) 1.550000ms referer=http://localhost:8888/notebooks/hive_plots_drought_impacts.ipynb
[I 13:38:45.068 NotebookApp] Kernel started: 0ec5eb9a-46d6-462b-a052-35bd5b5bfc98, name: python3
[W 13:38:50.786 NotebookApp] 404 GET /api/kernels/425aa596-55f3-42f2-ac26-288570af6692/channels?session_id=ed6bfe57f620484dba84ece6e9cfdd7d (::1): Kernel does not exist: 425aa596-55f3-42f2-ac26-288570af6692
[W 13:38:50.788 NotebookApp] 404 GET /api/kernels/425aa596-55f3-42f2-ac26-288570af6692/channels?session_id=ed6bfe57f620484dba84ece6e9cfdd7d (::1) 2.620000ms referer=None
[W 13:38:55.621 NotebookApp] 404 GET /api/kernels/3423e07c-bf7d-4529-8a85-959d50c0f205/channels?session_id=b3d2968748ba46548c4f5a6e2801e390 (::1): Kernel does not exist: 3423e07c-bf7d-4529-8a85-959d50c0f205
[W 13:38:55.622 NotebookApp] 404 GET /api/kernels/3423e07c-bf7d-4529-8a85-959d50c0f205/channels?session_id=b3d2968748ba46548c4f5a6e2801e390 (::1) 2.230000ms referer=None
[I 13:39:29.927 NotebookApp] Saving file at /hive_plots_drought_impacts-non_stationary.ipynb
[W 13:39:29.927 NotebookApp] Notebook hive_plots_drought_impacts-non_stationary.ipynb is not trusted
[W 13:39:57.929 NotebookApp] Replacing stale connection: 425aa596-55f3-42f2-ac26-288570af6692:ed6bfe57f620484dba84ece6e9cfdd7d
[W 13:40:04.255 NotebookApp] Replacing stale connection: 3423e07c-bf7d-4529-8a85-959d50c0f205:b3d2968748ba46548c4f5a6e2801e390
[W 13:40:38.590 NotebookApp] Notebook hive_plots_drought_impacts-non_stationary.ipynb is not trusted
[W 13:40:38.646 NotebookApp] 404 GET /nbextensions/widgets/notebook/js/extension.js?v=20220908133751 (::1) 1.460000ms referer=http://localhost:8888/notebooks/hive_plots_drought_impacts-non_stationary.ipynb
[I 13:40:38.895 NotebookApp] Kernel started: 9b69c2e7-15ca-4d86-8dd5-65203b04b49b, name: python3
[I 13:40:46.332 NotebookApp] Saving file at /hive_plots_drought_impacts.ipynb
[I 13:42:39.503 NotebookApp] Saving file at /hive_plots_drought_impacts-non_stationary.ipynb
[W 13:42:39.503 NotebookApp] Notebook hive_plots_drought_impacts-non_stationary.ipynb is not trusted
[I 13:42:45.102 NotebookApp] Saving file at /hive_plots_drought_impacts.ipynb
[I 13:46:45.092 NotebookApp] Saving file at /hive_plots_drought_impacts.ipynb
[I 13:48:40.059 NotebookApp] Saving file at /hive_plots_drought_impacts-non_stationary.ipynb
[I 13:48:46.395 NotebookApp] Saving file at /hive_plots_drought_impacts.ipynb
[I 13:50:17.084 NotebookApp] Saving file at /hive_plots_drought_impacts.ipynb
[I 13:50:39.577 NotebookApp] Saving file at /hive_plots_drought_impacts-non_stationary.ipynb
[I 13:50:45.097 NotebookApp] Saving file at /hive_plots_drought_impacts.ipynb
[I 13:52:47.680 NotebookApp] Saving file at /hive_plots_drought_impacts.ipynb
[I 14:02:45.114 NotebookApp] Saving file at /hive_plots_drought_impacts.ipynb
[I 14:03:07.487 NotebookApp] Starting buffering for 0ec5eb9a-46d6-462b-a052-35bd5b5bfc98:67d8368c49f44df39a2735ce6f1f565c
[I 14:03:07.902 NotebookApp] Kernel restarted: 0ec5eb9a-46d6-462b-a052-35bd5b5bfc98
[I 14:03:07.960 NotebookApp] Restoring connection for 0ec5eb9a-46d6-462b-a052-35bd5b5bfc98:67d8368c49f44df39a2735ce6f1f565c
[I 14:03:08.464 NotebookApp] Replaying 3 buffered messages
[I 14:04:16.936 NotebookApp] Starting buffering for 9b69c2e7-15ca-4d86-8dd5-65203b04b49b:ba8ac78e635845368b9497d264ac19e6
[I 14:04:17.250 NotebookApp] Kernel restarted: 9b69c2e7-15ca-4d86-8dd5-65203b04b49b
[I 14:04:17.305 NotebookApp] Restoring connection for 9b69c2e7-15ca-4d86-8dd5-65203b04b49b:ba8ac78e635845368b9497d264ac19e6
[I 14:04:17.750 NotebookApp] Replaying 3 buffered messages
[I 14:04:38.928 NotebookApp] Saving file at /hive_plots_drought_impacts-non_stationary.ipynb
[I 14:04:47.026 NotebookApp] Saving file at /hive_plots_drought_impacts.ipynb
[I 14:24:24.621 NotebookApp] Starting buffering for 9b69c2e7-15ca-4d86-8dd5-65203b04b49b:ba8ac78e635845368b9497d264ac19e6
[I 14:24:25.084 NotebookApp] Starting buffering for 0ec5eb9a-46d6-462b-a052-35bd5b5bfc98:67d8368c49f44df39a2735ce6f1f565c
[W 14:34:38.212 NotebookApp] 404 GET /nbextensions/widgets/notebook/js/extension.js?v=20220908133751 (::1) 1.660000ms referer=http://localhost:8888/notebooks/hive_plots_drought_impacts-non_stationary.ipynb
[W 14:36:04.094 NotebookApp] 404 GET /nbextensions/widgets/notebook/js/extension.js?v=20220908133751 (::1) 1.990000ms referer=http://localhost:8888/notebooks/hive_plots_drought_impacts.ipynb
[I 17:07:09.100 NotebookApp] Starting buffering for 9b69c2e7-15ca-4d86-8dd5-65203b04b49b:b05933ccbf33491a8ae8c5f02aa66692
[I 17:07:09.100 NotebookApp] Starting buffering for 0ec5eb9a-46d6-462b-a052-35bd5b5bfc98:28505941793c4e4588df8f4f79a1dc76
[I 17:07:11.594 NotebookApp] Restoring connection for 0ec5eb9a-46d6-462b-a052-35bd5b5bfc98:28505941793c4e4588df8f4f79a1dc76
[I 17:07:11.685 NotebookApp] Restoring connection for 9b69c2e7-15ca-4d86-8dd5-65203b04b49b:b05933ccbf33491a8ae8c5f02aa66692
[W 17:10:11.596 NotebookApp] WebSocket ping timeout after 119976 ms.
[W 17:10:11.686 NotebookApp] WebSocket ping timeout after 119975 ms.
[I 17:10:16.600 NotebookApp] Starting buffering for 0ec5eb9a-46d6-462b-a052-35bd5b5bfc98:28505941793c4e4588df8f4f79a1dc76
[I 17:10:16.687 NotebookApp] Starting buffering for 9b69c2e7-15ca-4d86-8dd5-65203b04b49b:b05933ccbf33491a8ae8c5f02aa66692
srun: Job step aborted: Waiting up to 32 seconds for job step to finish.
slurmstepd: error: *** STEP 21899.0 ON c0001 CANCELLED AT 2022-09-08T21:38:04 DUE TO TIME LIMIT ***
slurmstepd: error: *** JOB 21899 ON c0001 CANCELLED AT 2022-09-08T21:38:04 DUE TO TIME LIMIT ***
[C 21:38:04.973 NotebookApp] received signal 15, stopping
srun: got SIGCONT
srun: forcing job termination
