[W 2022-09-15 10:13:43.520 LabApp] 'port' has moved from NotebookApp to ServerApp. This config will be passed to ServerApp. Be sure to update your config before our next release.
[W 2022-09-15 10:13:43.521 LabApp] 'port' has moved from NotebookApp to ServerApp. This config will be passed to ServerApp. Be sure to update your config before our next release.
[W 2022-09-15 10:13:43.521 LabApp] 'port' has moved from NotebookApp to ServerApp. This config will be passed to ServerApp. Be sure to update your config before our next release.
[W 2022-09-15 10:13:43.521 LabApp] 'port' has moved from NotebookApp to ServerApp. This config will be passed to ServerApp. Be sure to update your config before our next release.
[I 2022-09-15 10:13:43.524 LabApp] JupyterLab extension loaded from /home/fs02/pmr82_0001/ah986/rival_framings/lib64/python3.6/site-packages/jupyterlab
[I 2022-09-15 10:13:43.524 LabApp] JupyterLab application directory is /home/fs02/pmr82_0001/ah986/rival_framings/share/jupyter/lab
[I 10:13:43.528 NotebookApp] Serving notebooks from local directory: /home/fs02/pmr82_0001/ah986/drought_classification
[I 10:13:43.528 NotebookApp] Jupyter Notebook 6.4.5 is running at:
[I 10:13:43.528 NotebookApp] http://localhost:18356/?token=abdc012528b8a1072abfce77d983f083e646c279b4924151
[I 10:13:43.528 NotebookApp]  or http://127.0.0.1:18356/?token=abdc012528b8a1072abfce77d983f083e646c279b4924151
[I 10:13:43.528 NotebookApp] Use Control-C to stop this server and shut down all kernels (twice to skip confirmation).
[C 10:13:43.534 NotebookApp] 
    
    To access the notebook, open this file in a browser:
        file:///home/fs02/pmr82_0001/ah986/.local/share/jupyter/runtime/nbserver-2537885-open.html
    Or copy and paste one of these URLs:
        http://localhost:18356/?token=abdc012528b8a1072abfce77d983f083e646c279b4924151
     or http://127.0.0.1:18356/?token=abdc012528b8a1072abfce77d983f083e646c279b4924151
[I 10:28:21.843 NotebookApp] 302 GET /?token=abdc012528b8a1072abfce77d983f083e646c279b4924151 (::1) 0.470000ms
[W 10:33:25.084 NotebookApp] Notebook streamflow_distribution_changes.ipynb is not trusted
[W 10:33:25.105 NotebookApp] 404 GET /nbextensions/widgets/notebook/js/extension.js?v=20220915101341 (::1) 7.510000ms referer=http://localhost:8888/notebooks/streamflow_distribution_changes.ipynb
[I 10:33:25.488 NotebookApp] Kernel started: 1640dd63-7e1b-49c5-9402-63579e668037, name: python3
Exception in callback <TaskStepMethWrapper object at 0x153acde3dd30>()
handle: <Handle <TaskStepMethWrapper object at 0x153acde3dd30>()>
Traceback (most recent call last):
  File "/usr/lib64/python3.6/asyncio/events.py", line 145, in _run
    self._callback(*self._args)
KeyError: <_UnixSelectorEventLoop running=True closed=False debug=False>
[I 10:45:25.491 NotebookApp] Saving file at /streamflow_distribution_changes.ipynb
[W 10:45:25.492 NotebookApp] Notebook streamflow_distribution_changes.ipynb is not trusted
[W 10:45:57.669 NotebookApp] 404 GET /nbextensions/widgets/notebook/js/extension.js?v=20220915101341 (::1) 2.310000ms referer=http://localhost:8888/notebooks/drought_impacts.ipynb
[I 10:45:58.142 NotebookApp] Kernel started: bc50ea39-8d4b-492a-abbf-2aaf4ff326eb, name: python3
[I 10:46:07.413 NotebookApp] Starting buffering for bc50ea39-8d4b-492a-abbf-2aaf4ff326eb:b45262a6b9be472abf73aac76c6145f2
[W 10:46:21.780 NotebookApp] 404 GET /nbextensions/widgets/notebook/js/extension.js?v=20220915101341 (::1) 1.780000ms referer=http://localhost:8888/notebooks/drought_impacts.ipynb
srun: Job step aborted: Waiting up to 32 seconds for job step to finish.
srun: got SIGCONT
slurmstepd: error: *** JOB 22002 ON c0001 CANCELLED AT 2022-09-15T10:46:40 ***
slurmstepd: error: *** STEP 22002.0 ON c0001 CANCELLED AT 2022-09-15T10:46:40 ***
srun: forcing job termination
[C 10:46:40.203 NotebookApp] received signal 15, stopping
[I 10:46:40.204 NotebookApp] Shutting down 2 kernels
[I 10:46:40.205 NotebookApp] Kernel shutdown: 1640dd63-7e1b-49c5-9402-63579e668037
connect_to localhost port 18356: failed.
connect_to localhost port 18356: failed.
