[W 2022-08-10 18:42:09.731 LabApp] 'port' has moved from NotebookApp to ServerApp. This config will be passed to ServerApp. Be sure to update your config before our next release.
[W 2022-08-10 18:42:09.731 LabApp] 'port' has moved from NotebookApp to ServerApp. This config will be passed to ServerApp. Be sure to update your config before our next release.
[W 2022-08-10 18:42:09.731 LabApp] 'port' has moved from NotebookApp to ServerApp. This config will be passed to ServerApp. Be sure to update your config before our next release.
[W 2022-08-10 18:42:09.731 LabApp] 'port' has moved from NotebookApp to ServerApp. This config will be passed to ServerApp. Be sure to update your config before our next release.
[I 2022-08-10 18:42:09.734 LabApp] JupyterLab extension loaded from /home/fs02/pmr82_0001/ah986/rival_framings/lib64/python3.6/site-packages/jupyterlab
[I 2022-08-10 18:42:09.735 LabApp] JupyterLab application directory is /home/fs02/pmr82_0001/ah986/rival_framings/share/jupyter/lab
[I 18:42:09.739 NotebookApp] Serving notebooks from local directory: /home/fs02/pmr82_0001/ah986/drought_classification
[I 18:42:09.739 NotebookApp] Jupyter Notebook 6.4.5 is running at:
[I 18:42:09.739 NotebookApp] http://localhost:18300/?token=3bd87f9022e3ba9399c806ba3c91361aa5d42f0cb21d426b
[I 18:42:09.739 NotebookApp]  or http://127.0.0.1:18300/?token=3bd87f9022e3ba9399c806ba3c91361aa5d42f0cb21d426b
[I 18:42:09.739 NotebookApp] Use Control-C to stop this server and shut down all kernels (twice to skip confirmation).
[C 18:42:09.744 NotebookApp] 
    
    To access the notebook, open this file in a browser:
        file:///home/fs02/pmr82_0001/ah986/.local/share/jupyter/runtime/nbserver-3831136-open.html
    Or copy and paste one of these URLs:
        http://localhost:18300/?token=3bd87f9022e3ba9399c806ba3c91361aa5d42f0cb21d426b
     or http://127.0.0.1:18300/?token=3bd87f9022e3ba9399c806ba3c91361aa5d42f0cb21d426b
[I 18:42:36.978 NotebookApp] 302 GET /?token=3bd87f9022e3ba9399c806ba3c91361aa5d42f0cb21d426b (::1) 0.280000ms
[W 18:43:07.370 NotebookApp] 404 POST /api/kernels/78114211-8ec3-48ef-9da8-89926fa3a88d/interrupt (::1): Kernel does not exist: 78114211-8ec3-48ef-9da8-89926fa3a88d
[W 18:43:07.370 NotebookApp] Kernel does not exist: 78114211-8ec3-48ef-9da8-89926fa3a88d
[W 18:43:07.371 NotebookApp] 404 POST /api/kernels/78114211-8ec3-48ef-9da8-89926fa3a88d/interrupt (::1) 0.840000ms referer=http://localhost:8888/notebooks/hive_plots_drought_impacts.ipynb
[W 18:43:12.464 NotebookApp] 404 POST /api/kernels/78114211-8ec3-48ef-9da8-89926fa3a88d/interrupt (::1): Kernel does not exist: 78114211-8ec3-48ef-9da8-89926fa3a88d
[W 18:43:12.464 NotebookApp] Kernel does not exist: 78114211-8ec3-48ef-9da8-89926fa3a88d
[W 18:43:12.464 NotebookApp] 404 POST /api/kernels/78114211-8ec3-48ef-9da8-89926fa3a88d/interrupt (::1) 0.660000ms referer=http://localhost:8888/notebooks/hive_plots_drought_impacts.ipynb
[I 18:43:16.283 NotebookApp] Saving file at /hive_plots_drought_impacts.ipynb
[W 18:43:17.040 NotebookApp] Notebook hive_plots_drought_impacts.ipynb is not trusted
[W 18:43:17.103 NotebookApp] 404 GET /nbextensions/widgets/notebook/js/extension.js?v=20220810184208 (::1) 7.240000ms referer=http://localhost:8888/notebooks/hive_plots_drought_impacts.ipynb
[I 18:43:17.647 NotebookApp] Kernel started: 73bd06c7-1ebb-46c7-8864-5d2312ef0067, name: python3
[I 18:45:17.814 NotebookApp] Saving file at /hive_plots_drought_impacts.ipynb
[W 18:45:17.814 NotebookApp] Notebook hive_plots_drought_impacts.ipynb is not trusted
[I 18:47:17.741 NotebookApp] Saving file at /hive_plots_drought_impacts.ipynb
[W 18:47:17.741 NotebookApp] Notebook hive_plots_drought_impacts.ipynb is not trusted
[I 18:49:17.890 NotebookApp] Saving file at /hive_plots_drought_impacts.ipynb
[W 18:49:17.890 NotebookApp] Notebook hive_plots_drought_impacts.ipynb is not trusted
[I 18:51:17.841 NotebookApp] Saving file at /hive_plots_drought_impacts.ipynb
[W 18:51:17.841 NotebookApp] Notebook hive_plots_drought_impacts.ipynb is not trusted
[I 18:57:17.851 NotebookApp] Saving file at /hive_plots_drought_impacts.ipynb
[W 18:57:17.851 NotebookApp] Notebook hive_plots_drought_impacts.ipynb is not trusted
[I 18:59:17.785 NotebookApp] Saving file at /hive_plots_drought_impacts.ipynb
[W 18:59:17.785 NotebookApp] Notebook hive_plots_drought_impacts.ipynb is not trusted
[I 19:01:17.730 NotebookApp] Saving file at /hive_plots_drought_impacts.ipynb
[W 19:01:17.730 NotebookApp] Notebook hive_plots_drought_impacts.ipynb is not trusted
[I 19:03:17.774 NotebookApp] Saving file at /hive_plots_drought_impacts.ipynb
[I 19:05:17.792 NotebookApp] Saving file at /hive_plots_drought_impacts.ipynb
[I 19:07:17.742 NotebookApp] Saving file at /hive_plots_drought_impacts.ipynb
[I 19:09:17.743 NotebookApp] Saving file at /hive_plots_drought_impacts.ipynb
[I 19:11:17.740 NotebookApp] Saving file at /hive_plots_drought_impacts.ipynb
[I 19:13:17.982 NotebookApp] Saving file at /hive_plots_drought_impacts.ipynb
[I 19:15:17.765 NotebookApp] Saving file at /hive_plots_drought_impacts.ipynb
[I 19:17:17.716 NotebookApp] Saving file at /hive_plots_drought_impacts.ipynb
[I 19:19:17.791 NotebookApp] Saving file at /hive_plots_drought_impacts.ipynb
[I 19:21:17.757 NotebookApp] Saving file at /hive_plots_drought_impacts.ipynb
[W 19:23:06.766 NotebookApp] Notebook streamflow_distribution_changes.ipynb is not trusted
[W 19:23:06.781 NotebookApp] 404 GET /nbextensions/widgets/notebook/js/extension.js?v=20220810184208 (::1) 2.530000ms referer=http://localhost:8888/notebooks/streamflow_distribution_changes.ipynb
[I 19:23:07.323 NotebookApp] Kernel started: 863112e6-5573-4fe7-ac54-bd17829cd1c9, name: python3
[I 19:23:19.190 NotebookApp] Saving file at /hive_plots_drought_impacts.ipynb
[I 19:25:18.377 NotebookApp] Saving file at /hive_plots_drought_impacts.ipynb
[I 19:27:18.208 NotebookApp] Saving file at /hive_plots_drought_impacts.ipynb
[I 19:29:17.940 NotebookApp] Saving file at /hive_plots_drought_impacts.ipynb
[I 19:31:17.939 NotebookApp] Saving file at /hive_plots_drought_impacts.ipynb
[I 19:33:17.831 NotebookApp] Saving file at /hive_plots_drought_impacts.ipynb
[I 19:36:35.157 NotebookApp] Saving file at /hive_plots_drought_impacts.ipynb
[I 19:46:53.785 NotebookApp] Starting buffering for 863112e6-5573-4fe7-ac54-bd17829cd1c9:6fac86cf9c5b4a8ca0b0ba42bbed835b
[I 19:46:53.785 NotebookApp] Starting buffering for 73bd06c7-1ebb-46c7-8864-5d2312ef0067:14ef15c56c5d44e88849be21b10d3dc1
[I 19:46:55.166 NotebookApp] Restoring connection for 863112e6-5573-4fe7-ac54-bd17829cd1c9:6fac86cf9c5b4a8ca0b0ba42bbed835b
[I 19:46:55.311 NotebookApp] Restoring connection for 73bd06c7-1ebb-46c7-8864-5d2312ef0067:14ef15c56c5d44e88849be21b10d3dc1
[W 19:48:25.169 NotebookApp] WebSocket ping timeout after 90003 ms.
[W 19:48:25.313 NotebookApp] WebSocket ping timeout after 90002 ms.
[I 19:48:30.171 NotebookApp] Starting buffering for 863112e6-5573-4fe7-ac54-bd17829cd1c9:6fac86cf9c5b4a8ca0b0ba42bbed835b
[I 19:48:30.316 NotebookApp] Starting buffering for 73bd06c7-1ebb-46c7-8864-5d2312ef0067:14ef15c56c5d44e88849be21b10d3dc1
[I 19:48:35.505 NotebookApp] Restoring connection for 73bd06c7-1ebb-46c7-8864-5d2312ef0067:14ef15c56c5d44e88849be21b10d3dc1
[I 19:48:35.699 NotebookApp] Restoring connection for 863112e6-5573-4fe7-ac54-bd17829cd1c9:6fac86cf9c5b4a8ca0b0ba42bbed835b
[W 19:51:05.508 NotebookApp] WebSocket ping timeout after 119759 ms.
[W 19:51:05.700 NotebookApp] WebSocket ping timeout after 119910 ms.
[I 19:51:10.509 NotebookApp] Starting buffering for 73bd06c7-1ebb-46c7-8864-5d2312ef0067:14ef15c56c5d44e88849be21b10d3dc1
[I 19:51:10.701 NotebookApp] Starting buffering for 863112e6-5573-4fe7-ac54-bd17829cd1c9:6fac86cf9c5b4a8ca0b0ba42bbed835b
srun: Job step aborted: Waiting up to 32 seconds for job step to finish.
slurmstepd: error: *** JOB 21149 ON c0017 CANCELLED AT 2022-08-11T02:42:11 DUE TO TIME LIMIT ***
slurmstepd: error: *** STEP 21149.0 ON c0017 CANCELLED AT 2022-08-11T02:42:11 DUE TO TIME LIMIT ***
[C 02:42:11.435 NotebookApp] received signal 15, stopping
[C 02:42:11.436 NotebookApp] received signal 15, stopping
srun: got SIGCONT
srun: forcing job termination
