[W 2022-08-04 13:50:51.236 LabApp] 'port' has moved from NotebookApp to ServerApp. This config will be passed to ServerApp. Be sure to update your config before our next release.
[W 2022-08-04 13:50:51.236 LabApp] 'port' has moved from NotebookApp to ServerApp. This config will be passed to ServerApp. Be sure to update your config before our next release.
[W 2022-08-04 13:50:51.236 LabApp] 'port' has moved from NotebookApp to ServerApp. This config will be passed to ServerApp. Be sure to update your config before our next release.
[W 2022-08-04 13:50:51.236 LabApp] 'port' has moved from NotebookApp to ServerApp. This config will be passed to ServerApp. Be sure to update your config before our next release.
[I 2022-08-04 13:50:51.240 LabApp] JupyterLab extension loaded from /home/fs02/pmr82_0001/ah986/rival_framings/lib64/python3.6/site-packages/jupyterlab
[I 2022-08-04 13:50:51.240 LabApp] JupyterLab application directory is /home/fs02/pmr82_0001/ah986/rival_framings/share/jupyter/lab
[I 13:50:51.244 NotebookApp] Serving notebooks from local directory: /home/fs02/pmr82_0001/ah986/drought_classification
[I 13:50:51.244 NotebookApp] Jupyter Notebook 6.4.5 is running at:
[I 13:50:51.244 NotebookApp] http://localhost:18368/?token=55dfa944b03f35df180b1b10e4181efe6dcaa89b9151ea4a
[I 13:50:51.244 NotebookApp]  or http://127.0.0.1:18368/?token=55dfa944b03f35df180b1b10e4181efe6dcaa89b9151ea4a
[I 13:50:51.244 NotebookApp] Use Control-C to stop this server and shut down all kernels (twice to skip confirmation).
[C 13:50:51.250 NotebookApp] 
    
    To access the notebook, open this file in a browser:
        file:///home/fs02/pmr82_0001/ah986/.local/share/jupyter/runtime/nbserver-3817930-open.html
    Or copy and paste one of these URLs:
        http://localhost:18368/?token=55dfa944b03f35df180b1b10e4181efe6dcaa89b9151ea4a
     or http://127.0.0.1:18368/?token=55dfa944b03f35df180b1b10e4181efe6dcaa89b9151ea4a
[I 13:51:55.677 NotebookApp] 302 GET /?token=55dfa944b03f35df180b1b10e4181efe6dcaa89b9151ea4a (::1) 0.380000ms
[W 13:52:01.921 NotebookApp] Notebook streamflow_distribution_changes.ipynb is not trusted
[W 13:52:01.934 NotebookApp] 404 GET /nbextensions/widgets/notebook/js/extension.js?v=20220804135049 (::1) 6.960000ms referer=http://localhost:8888/notebooks/streamflow_distribution_changes.ipynb
[I 13:52:02.103 NotebookApp] Kernel started: d0ee7c42-1101-435b-b27b-fa090038fadd, name: python3
Exception in callback <TaskStepMethWrapper object at 0x1549e963a160>()
handle: <Handle <TaskStepMethWrapper object at 0x1549e963a160>()>
Traceback (most recent call last):
  File "/usr/lib64/python3.6/asyncio/events.py", line 145, in _run
    self._callback(*self._args)
KeyError: <_UnixSelectorEventLoop running=True closed=False debug=False>
[I 13:54:03.458 NotebookApp] Saving file at /streamflow_distribution_changes.ipynb
[I 13:58:02.129 NotebookApp] Saving file at /streamflow_distribution_changes.ipynb
[I 14:00:06.904 NotebookApp] Saving file at /streamflow_distribution_changes.ipynb
[I 14:02:02.103 NotebookApp] Saving file at /streamflow_distribution_changes.ipynb
[I 14:04:02.098 NotebookApp] Saving file at /streamflow_distribution_changes.ipynb
[I 14:06:02.157 NotebookApp] Saving file at /streamflow_distribution_changes.ipynb
[I 14:08:03.337 NotebookApp] Saving file at /streamflow_distribution_changes.ipynb
[I 14:10:03.548 NotebookApp] Saving file at /streamflow_distribution_changes.ipynb
[I 14:12:02.115 NotebookApp] Saving file at /streamflow_distribution_changes.ipynb
[W 14:14:02.546 NotebookApp] 404 GET /nbextensions/widgets/notebook/js/extension.js?v=20220804135049 (::1) 3.060000ms referer=http://localhost:8888/notebooks/drought_impacts.ipynb
[I 14:14:02.891 NotebookApp] Kernel started: 310dd60f-9bcf-401b-b9d4-cf5283e0c360, name: python3
[I 14:14:02.901 NotebookApp] Saving file at /streamflow_distribution_changes.ipynb
[I 14:14:11.321 NotebookApp] Starting buffering for 310dd60f-9bcf-401b-b9d4-cf5283e0c360:6e5b450656b54e488903991aab7159f5
[I 14:18:02.112 NotebookApp] Saving file at /streamflow_distribution_changes.ipynb
[I 14:20:07.506 NotebookApp] Saving file at /streamflow_distribution_changes.ipynb
[I 14:26:02.108 NotebookApp] Saving file at /streamflow_distribution_changes.ipynb
[I 14:28:02.057 NotebookApp] Saving file at /streamflow_distribution_changes.ipynb
[I 14:30:02.054 NotebookApp] Saving file at /streamflow_distribution_changes.ipynb
[I 14:32:02.067 NotebookApp] Saving file at /streamflow_distribution_changes.ipynb
[I 14:34:02.057 NotebookApp] Saving file at /streamflow_distribution_changes.ipynb
[I 14:36:02.072 NotebookApp] Saving file at /streamflow_distribution_changes.ipynb
[I 14:38:02.060 NotebookApp] Saving file at /streamflow_distribution_changes.ipynb
[IPKernelApp] ERROR | Exception in message handler:
Traceback (most recent call last):
  File "/home/fs02/pmr82_0001/ah986/rival_framings/lib64/python3.6/site-packages/ipykernel/kernelbase.py", line 261, in dispatch_shell
    yield gen.maybe_future(handler(stream, idents, msg))
  File "/home/fs02/pmr82_0001/ah986/rival_framings/lib64/python3.6/site-packages/tornado/gen.py", line 762, in run
    value = future.result()
  File "/home/fs02/pmr82_0001/ah986/rival_framings/lib64/python3.6/site-packages/tornado/gen.py", line 234, in wrapper
    yielded = ctx_run(next, result)
  File "/home/fs02/pmr82_0001/ah986/rival_framings/lib64/python3.6/site-packages/contextvars/__init__.py", line 38, in run
    return callable(*args, **kwargs)
  File "/home/fs02/pmr82_0001/ah986/rival_framings/lib64/python3.6/site-packages/ipykernel/kernelbase.py", line 579, in complete_request
    matches = yield gen.maybe_future(self.do_complete(code, cursor_pos))
  File "/home/fs02/pmr82_0001/ah986/rival_framings/lib64/python3.6/site-packages/ipykernel/ipkernel.py", line 356, in do_complete
    return self._experimental_do_complete(code, cursor_pos)
  File "/home/fs02/pmr82_0001/ah986/rival_framings/lib64/python3.6/site-packages/ipykernel/ipkernel.py", line 381, in _experimental_do_complete
    completions = list(_rectify_completions(code, raw_completions))
  File "/home/fs02/pmr82_0001/ah986/rival_framings/lib64/python3.6/site-packages/IPython/core/completer.py", line 484, in rectify_completions
    completions = list(completions)
  File "/home/fs02/pmr82_0001/ah986/rival_framings/lib64/python3.6/site-packages/IPython/core/completer.py", line 1818, in completions
    for c in self._completions(text, offset, _timeout=self.jedi_compute_type_timeout/1000):
  File "/home/fs02/pmr82_0001/ah986/rival_framings/lib64/python3.6/site-packages/IPython/core/completer.py", line 1862, in _completions
    full_text=full_text, cursor_line=cursor_line, cursor_pos=cursor_column)
  File "/home/fs02/pmr82_0001/ah986/rival_framings/lib64/python3.6/site-packages/IPython/core/completer.py", line 2030, in _complete
    cursor_pos, cursor_line, full_text)
  File "/home/fs02/pmr82_0001/ah986/rival_framings/lib64/python3.6/site-packages/IPython/core/completer.py", line 1374, in _jedi_matches
    text[:offset], namespaces, column=cursor_column, line=cursor_line + 1)
  File "/home/fs02/pmr82_0001/ah986/rival_framings/lib64/python3.6/site-packages/jedi/api/__init__.py", line 726, in __init__
    project=Project(Path.cwd()), **kwds)
TypeError: __init__() got an unexpected keyword argument 'column'
[IPKernelApp] ERROR | Exception in message handler:
Traceback (most recent call last):
  File "/home/fs02/pmr82_0001/ah986/rival_framings/lib64/python3.6/site-packages/ipykernel/kernelbase.py", line 261, in dispatch_shell
    yield gen.maybe_future(handler(stream, idents, msg))
  File "/home/fs02/pmr82_0001/ah986/rival_framings/lib64/python3.6/site-packages/tornado/gen.py", line 762, in run
    value = future.result()
  File "/home/fs02/pmr82_0001/ah986/rival_framings/lib64/python3.6/site-packages/tornado/gen.py", line 234, in wrapper
    yielded = ctx_run(next, result)
  File "/home/fs02/pmr82_0001/ah986/rival_framings/lib64/python3.6/site-packages/contextvars/__init__.py", line 38, in run
    return callable(*args, **kwargs)
  File "/home/fs02/pmr82_0001/ah986/rival_framings/lib64/python3.6/site-packages/ipykernel/kernelbase.py", line 579, in complete_request
    matches = yield gen.maybe_future(self.do_complete(code, cursor_pos))
  File "/home/fs02/pmr82_0001/ah986/rival_framings/lib64/python3.6/site-packages/ipykernel/ipkernel.py", line 356, in do_complete
    return self._experimental_do_complete(code, cursor_pos)
  File "/home/fs02/pmr82_0001/ah986/rival_framings/lib64/python3.6/site-packages/ipykernel/ipkernel.py", line 381, in _experimental_do_complete
    completions = list(_rectify_completions(code, raw_completions))
  File "/home/fs02/pmr82_0001/ah986/rival_framings/lib64/python3.6/site-packages/IPython/core/completer.py", line 484, in rectify_completions
    completions = list(completions)
  File "/home/fs02/pmr82_0001/ah986/rival_framings/lib64/python3.6/site-packages/IPython/core/completer.py", line 1818, in completions
    for c in self._completions(text, offset, _timeout=self.jedi_compute_type_timeout/1000):
  File "/home/fs02/pmr82_0001/ah986/rival_framings/lib64/python3.6/site-packages/IPython/core/completer.py", line 1862, in _completions
    full_text=full_text, cursor_line=cursor_line, cursor_pos=cursor_column)
  File "/home/fs02/pmr82_0001/ah986/rival_framings/lib64/python3.6/site-packages/IPython/core/completer.py", line 2030, in _complete
    cursor_pos, cursor_line, full_text)
  File "/home/fs02/pmr82_0001/ah986/rival_framings/lib64/python3.6/site-packages/IPython/core/completer.py", line 1374, in _jedi_matches
    text[:offset], namespaces, column=cursor_column, line=cursor_line + 1)
  File "/home/fs02/pmr82_0001/ah986/rival_framings/lib64/python3.6/site-packages/jedi/api/__init__.py", line 726, in __init__
    project=Project(Path.cwd()), **kwds)
TypeError: __init__() got an unexpected keyword argument 'column'
[I 14:40:02.062 NotebookApp] Saving file at /streamflow_distribution_changes.ipynb
[I 14:42:02.062 NotebookApp] Saving file at /streamflow_distribution_changes.ipynb
[I 14:44:02.045 NotebookApp] Saving file at /streamflow_distribution_changes.ipynb
[I 14:46:02.047 NotebookApp] Saving file at /streamflow_distribution_changes.ipynb
[I 14:48:02.044 NotebookApp] Saving file at /streamflow_distribution_changes.ipynb
[I 14:50:02.040 NotebookApp] Saving file at /streamflow_distribution_changes.ipynb
[I 14:52:02.037 NotebookApp] Saving file at /streamflow_distribution_changes.ipynb
[I 14:54:02.039 NotebookApp] Saving file at /streamflow_distribution_changes.ipynb
[I 14:56:02.028 NotebookApp] Saving file at /streamflow_distribution_changes.ipynb
[I 14:58:02.034 NotebookApp] Saving file at /streamflow_distribution_changes.ipynb
[I 15:00:02.024 NotebookApp] Saving file at /streamflow_distribution_changes.ipynb
[I 15:02:02.041 NotebookApp] Saving file at /streamflow_distribution_changes.ipynb
[I 15:04:02.038 NotebookApp] Saving file at /streamflow_distribution_changes.ipynb
[I 15:06:02.061 NotebookApp] Saving file at /streamflow_distribution_changes.ipynb
[I 15:08:02.024 NotebookApp] Saving file at /streamflow_distribution_changes.ipynb
[I 15:16:02.066 NotebookApp] Saving file at /streamflow_distribution_changes.ipynb
[I 15:18:04.592 NotebookApp] Saving file at /streamflow_distribution_changes.ipynb
[I 15:20:05.342 NotebookApp] Saving file at /streamflow_distribution_changes.ipynb
[I 15:22:02.013 NotebookApp] Saving file at /streamflow_distribution_changes.ipynb
[I 15:24:02.010 NotebookApp] Saving file at /streamflow_distribution_changes.ipynb
[I 15:26:02.020 NotebookApp] Saving file at /streamflow_distribution_changes.ipynb
[I 15:28:02.009 NotebookApp] Saving file at /streamflow_distribution_changes.ipynb
[I 15:30:02.017 NotebookApp] Saving file at /streamflow_distribution_changes.ipynb
[I 15:32:01.993 NotebookApp] Saving file at /streamflow_distribution_changes.ipynb
[I 15:34:02.018 NotebookApp] Saving file at /streamflow_distribution_changes.ipynb
[I 15:36:02.028 NotebookApp] Saving file at /streamflow_distribution_changes.ipynb
[I 15:38:02.001 NotebookApp] Saving file at /streamflow_distribution_changes.ipynb
[I 15:44:02.042 NotebookApp] Saving file at /streamflow_distribution_changes.ipynb
[I 15:46:01.994 NotebookApp] Saving file at /streamflow_distribution_changes.ipynb
[I 15:48:01.994 NotebookApp] Saving file at /streamflow_distribution_changes.ipynb
[I 15:50:01.990 NotebookApp] Saving file at /streamflow_distribution_changes.ipynb
[I 15:52:01.986 NotebookApp] Saving file at /streamflow_distribution_changes.ipynb
[I 15:54:01.997 NotebookApp] Saving file at /streamflow_distribution_changes.ipynb
[I 15:56:01.988 NotebookApp] Saving file at /streamflow_distribution_changes.ipynb
[I 15:58:01.978 NotebookApp] Saving file at /streamflow_distribution_changes.ipynb
[I 16:00:01.981 NotebookApp] Saving file at /streamflow_distribution_changes.ipynb
[I 16:02:01.978 NotebookApp] Saving file at /streamflow_distribution_changes.ipynb
[I 16:04:02.713 NotebookApp] Saving file at /streamflow_distribution_changes.ipynb
[I 16:06:01.972 NotebookApp] Saving file at /streamflow_distribution_changes.ipynb
[I 16:08:01.974 NotebookApp] Saving file at /streamflow_distribution_changes.ipynb
[IPKernelApp] ERROR | Exception in message handler:
Traceback (most recent call last):
  File "/home/fs02/pmr82_0001/ah986/rival_framings/lib64/python3.6/site-packages/ipykernel/kernelbase.py", line 261, in dispatch_shell
    yield gen.maybe_future(handler(stream, idents, msg))
  File "/home/fs02/pmr82_0001/ah986/rival_framings/lib64/python3.6/site-packages/tornado/gen.py", line 762, in run
    value = future.result()
  File "/home/fs02/pmr82_0001/ah986/rival_framings/lib64/python3.6/site-packages/tornado/gen.py", line 234, in wrapper
    yielded = ctx_run(next, result)
  File "/home/fs02/pmr82_0001/ah986/rival_framings/lib64/python3.6/site-packages/contextvars/__init__.py", line 38, in run
    return callable(*args, **kwargs)
  File "/home/fs02/pmr82_0001/ah986/rival_framings/lib64/python3.6/site-packages/ipykernel/kernelbase.py", line 579, in complete_request
    matches = yield gen.maybe_future(self.do_complete(code, cursor_pos))
  File "/home/fs02/pmr82_0001/ah986/rival_framings/lib64/python3.6/site-packages/ipykernel/ipkernel.py", line 356, in do_complete
    return self._experimental_do_complete(code, cursor_pos)
  File "/home/fs02/pmr82_0001/ah986/rival_framings/lib64/python3.6/site-packages/ipykernel/ipkernel.py", line 381, in _experimental_do_complete
    completions = list(_rectify_completions(code, raw_completions))
  File "/home/fs02/pmr82_0001/ah986/rival_framings/lib64/python3.6/site-packages/IPython/core/completer.py", line 484, in rectify_completions
    completions = list(completions)
  File "/home/fs02/pmr82_0001/ah986/rival_framings/lib64/python3.6/site-packages/IPython/core/completer.py", line 1818, in completions
    for c in self._completions(text, offset, _timeout=self.jedi_compute_type_timeout/1000):
  File "/home/fs02/pmr82_0001/ah986/rival_framings/lib64/python3.6/site-packages/IPython/core/completer.py", line 1862, in _completions
    full_text=full_text, cursor_line=cursor_line, cursor_pos=cursor_column)
  File "/home/fs02/pmr82_0001/ah986/rival_framings/lib64/python3.6/site-packages/IPython/core/completer.py", line 2030, in _complete
    cursor_pos, cursor_line, full_text)
  File "/home/fs02/pmr82_0001/ah986/rival_framings/lib64/python3.6/site-packages/IPython/core/completer.py", line 1374, in _jedi_matches
    text[:offset], namespaces, column=cursor_column, line=cursor_line + 1)
  File "/home/fs02/pmr82_0001/ah986/rival_framings/lib64/python3.6/site-packages/jedi/api/__init__.py", line 726, in __init__
    project=Project(Path.cwd()), **kwds)
TypeError: __init__() got an unexpected keyword argument 'column'
[IPKernelApp] ERROR | Exception in message handler:
Traceback (most recent call last):
  File "/home/fs02/pmr82_0001/ah986/rival_framings/lib64/python3.6/site-packages/ipykernel/kernelbase.py", line 261, in dispatch_shell
    yield gen.maybe_future(handler(stream, idents, msg))
  File "/home/fs02/pmr82_0001/ah986/rival_framings/lib64/python3.6/site-packages/tornado/gen.py", line 762, in run
    value = future.result()
  File "/home/fs02/pmr82_0001/ah986/rival_framings/lib64/python3.6/site-packages/tornado/gen.py", line 234, in wrapper
    yielded = ctx_run(next, result)
  File "/home/fs02/pmr82_0001/ah986/rival_framings/lib64/python3.6/site-packages/contextvars/__init__.py", line 38, in run
    return callable(*args, **kwargs)
  File "/home/fs02/pmr82_0001/ah986/rival_framings/lib64/python3.6/site-packages/ipykernel/kernelbase.py", line 579, in complete_request
    matches = yield gen.maybe_future(self.do_complete(code, cursor_pos))
  File "/home/fs02/pmr82_0001/ah986/rival_framings/lib64/python3.6/site-packages/ipykernel/ipkernel.py", line 356, in do_complete
    return self._experimental_do_complete(code, cursor_pos)
  File "/home/fs02/pmr82_0001/ah986/rival_framings/lib64/python3.6/site-packages/ipykernel/ipkernel.py", line 381, in _experimental_do_complete
    completions = list(_rectify_completions(code, raw_completions))
  File "/home/fs02/pmr82_0001/ah986/rival_framings/lib64/python3.6/site-packages/IPython/core/completer.py", line 484, in rectify_completions
    completions = list(completions)
  File "/home/fs02/pmr82_0001/ah986/rival_framings/lib64/python3.6/site-packages/IPython/core/completer.py", line 1818, in completions
    for c in self._completions(text, offset, _timeout=self.jedi_compute_type_timeout/1000):
  File "/home/fs02/pmr82_0001/ah986/rival_framings/lib64/python3.6/site-packages/IPython/core/completer.py", line 1862, in _completions
    full_text=full_text, cursor_line=cursor_line, cursor_pos=cursor_column)
  File "/home/fs02/pmr82_0001/ah986/rival_framings/lib64/python3.6/site-packages/IPython/core/completer.py", line 2030, in _complete
    cursor_pos, cursor_line, full_text)
  File "/home/fs02/pmr82_0001/ah986/rival_framings/lib64/python3.6/site-packages/IPython/core/completer.py", line 1374, in _jedi_matches
    text[:offset], namespaces, column=cursor_column, line=cursor_line + 1)
  File "/home/fs02/pmr82_0001/ah986/rival_framings/lib64/python3.6/site-packages/jedi/api/__init__.py", line 726, in __init__
    project=Project(Path.cwd()), **kwds)
TypeError: __init__() got an unexpected keyword argument 'column'
[I 16:10:01.988 NotebookApp] Saving file at /streamflow_distribution_changes.ipynb
[I 16:12:01.972 NotebookApp] Saving file at /streamflow_distribution_changes.ipynb
[I 16:14:01.981 NotebookApp] Saving file at /streamflow_distribution_changes.ipynb
[I 16:16:01.964 NotebookApp] Saving file at /streamflow_distribution_changes.ipynb
[I 16:18:01.972 NotebookApp] Saving file at /streamflow_distribution_changes.ipynb
[I 16:20:01.960 NotebookApp] Saving file at /streamflow_distribution_changes.ipynb
[I 16:22:01.970 NotebookApp] Saving file at /streamflow_distribution_changes.ipynb
[I 16:24:01.966 NotebookApp] Saving file at /streamflow_distribution_changes.ipynb
[I 16:26:01.964 NotebookApp] Saving file at /streamflow_distribution_changes.ipynb
[I 16:28:01.956 NotebookApp] Saving file at /streamflow_distribution_changes.ipynb
[I 16:30:01.971 NotebookApp] Saving file at /streamflow_distribution_changes.ipynb
[I 16:32:06.854 NotebookApp] Saving file at /streamflow_distribution_changes.ipynb
[I 16:34:01.982 NotebookApp] Saving file at /streamflow_distribution_changes.ipynb
[I 16:36:01.957 NotebookApp] Saving file at /streamflow_distribution_changes.ipynb
[I 16:38:01.957 NotebookApp] Saving file at /streamflow_distribution_changes.ipynb
[I 16:40:01.950 NotebookApp] Saving file at /streamflow_distribution_changes.ipynb
[I 16:42:01.959 NotebookApp] Saving file at /streamflow_distribution_changes.ipynb
[I 16:44:02.752 NotebookApp] Saving file at /streamflow_distribution_changes.ipynb
[I 16:48:01.962 NotebookApp] Saving file at /streamflow_distribution_changes.ipynb
[I 16:50:01.943 NotebookApp] Saving file at /streamflow_distribution_changes.ipynb
[I 16:52:01.928 NotebookApp] Saving file at /streamflow_distribution_changes.ipynb
[I 16:54:02.421 NotebookApp] Saving file at /streamflow_distribution_changes.ipynb
[I 16:56:01.940 NotebookApp] Saving file at /streamflow_distribution_changes.ipynb
[I 16:58:01.936 NotebookApp] Saving file at /streamflow_distribution_changes.ipynb
[I 17:00:01.936 NotebookApp] Saving file at /streamflow_distribution_changes.ipynb
[I 17:04:01.932 NotebookApp] Saving file at /streamflow_distribution_changes.ipynb
[I 17:06:01.950 NotebookApp] Saving file at /streamflow_distribution_changes.ipynb
[I 17:08:01.938 NotebookApp] Saving file at /streamflow_distribution_changes.ipynb
[I 17:10:01.929 NotebookApp] Saving file at /streamflow_distribution_changes.ipynb
[I 17:12:01.926 NotebookApp] Saving file at /streamflow_distribution_changes.ipynb
[I 17:14:01.918 NotebookApp] Saving file at /streamflow_distribution_changes.ipynb
[I 17:16:01.996 NotebookApp] Saving file at /streamflow_distribution_changes.ipynb
[I 17:40:01.927 NotebookApp] Saving file at /streamflow_distribution_changes.ipynb
[I 17:42:01.913 NotebookApp] Saving file at /streamflow_distribution_changes.ipynb
[I 17:44:01.892 NotebookApp] Saving file at /streamflow_distribution_changes.ipynb
[I 17:46:01.894 NotebookApp] Saving file at /streamflow_distribution_changes.ipynb
[I 17:48:01.894 NotebookApp] Saving file at /streamflow_distribution_changes.ipynb
[I 17:50:01.904 NotebookApp] Saving file at /streamflow_distribution_changes.ipynb
[I 17:54:01.902 NotebookApp] Saving file at /streamflow_distribution_changes.ipynb
[I 17:56:01.882 NotebookApp] Saving file at /streamflow_distribution_changes.ipynb
[I 17:58:01.908 NotebookApp] Saving file at /streamflow_distribution_changes.ipynb
[I 18:00:01.874 NotebookApp] Saving file at /streamflow_distribution_changes.ipynb
[I 18:02:04.748 NotebookApp] Saving file at /streamflow_distribution_changes.ipynb
[I 18:04:01.870 NotebookApp] Saving file at /streamflow_distribution_changes.ipynb
[I 18:06:01.904 NotebookApp] Saving file at /streamflow_distribution_changes.ipynb
[I 18:08:02.703 NotebookApp] Saving file at /streamflow_distribution_changes.ipynb
[I 18:10:02.930 NotebookApp] Saving file at /streamflow_distribution_changes.ipynb
[I 18:12:01.872 NotebookApp] Saving file at /streamflow_distribution_changes.ipynb
[I 18:14:01.871 NotebookApp] Saving file at /streamflow_distribution_changes.ipynb
[I 18:16:05.392 NotebookApp] Saving file at /streamflow_distribution_changes.ipynb
[I 18:20:14.511 NotebookApp] Saving file at /streamflow_distribution_changes.ipynb
[I 18:24:01.862 NotebookApp] Saving file at /streamflow_distribution_changes.ipynb
[I 18:26:01.857 NotebookApp] Saving file at /streamflow_distribution_changes.ipynb
[I 18:30:03.290 NotebookApp] Saving file at /streamflow_distribution_changes.ipynb
[I 18:32:01.856 NotebookApp] Saving file at /streamflow_distribution_changes.ipynb
[I 18:34:01.856 NotebookApp] Saving file at /streamflow_distribution_changes.ipynb
[I 18:36:04.199 NotebookApp] Saving file at /streamflow_distribution_changes.ipynb
[I 18:38:01.851 NotebookApp] Saving file at /streamflow_distribution_changes.ipynb
[I 18:40:01.844 NotebookApp] Saving file at /streamflow_distribution_changes.ipynb
[I 18:42:01.847 NotebookApp] Saving file at /streamflow_distribution_changes.ipynb
[I 18:44:01.845 NotebookApp] Saving file at /streamflow_distribution_changes.ipynb
[I 18:46:01.859 NotebookApp] Saving file at /streamflow_distribution_changes.ipynb
[I 18:48:01.835 NotebookApp] Saving file at /streamflow_distribution_changes.ipynb
[I 18:50:01.844 NotebookApp] Saving file at /streamflow_distribution_changes.ipynb
[I 18:52:01.837 NotebookApp] Saving file at /streamflow_distribution_changes.ipynb
[I 18:56:03.324 NotebookApp] Saving file at /streamflow_distribution_changes.ipynb
[I 18:58:01.845 NotebookApp] Saving file at /streamflow_distribution_changes.ipynb
[I 19:00:01.826 NotebookApp] Saving file at /streamflow_distribution_changes.ipynb
[I 19:02:01.825 NotebookApp] Saving file at /streamflow_distribution_changes.ipynb
[I 19:04:01.821 NotebookApp] Saving file at /streamflow_distribution_changes.ipynb
[I 19:06:01.843 NotebookApp] Saving file at /streamflow_distribution_changes.ipynb
[I 19:08:01.839 NotebookApp] Saving file at /streamflow_distribution_changes.ipynb
[I 19:10:01.820 NotebookApp] Saving file at /streamflow_distribution_changes.ipynb
[I 19:12:07.873 NotebookApp] Saving file at /streamflow_distribution_changes.ipynb
[I 19:14:01.816 NotebookApp] Saving file at /streamflow_distribution_changes.ipynb
[I 19:16:01.815 NotebookApp] Saving file at /streamflow_distribution_changes.ipynb
[I 19:18:01.812 NotebookApp] Saving file at /streamflow_distribution_changes.ipynb
