[W 2022-09-07 11:47:53.491 LabApp] 'port' has moved from NotebookApp to ServerApp. This config will be passed to ServerApp. Be sure to update your config before our next release.
[W 2022-09-07 11:47:53.491 LabApp] 'port' has moved from NotebookApp to ServerApp. This config will be passed to ServerApp. Be sure to update your config before our next release.
[W 2022-09-07 11:47:53.491 LabApp] 'port' has moved from NotebookApp to ServerApp. This config will be passed to ServerApp. Be sure to update your config before our next release.
[W 2022-09-07 11:47:53.491 LabApp] 'port' has moved from NotebookApp to ServerApp. This config will be passed to ServerApp. Be sure to update your config before our next release.
[I 2022-09-07 11:47:53.494 LabApp] JupyterLab extension loaded from /home/fs02/pmr82_0001/ah986/rival_framings/lib64/python3.6/site-packages/jupyterlab
[I 2022-09-07 11:47:53.494 LabApp] JupyterLab application directory is /home/fs02/pmr82_0001/ah986/rival_framings/share/jupyter/lab
[I 11:47:53.498 NotebookApp] Serving notebooks from local directory: /home/fs02/pmr82_0001/ah986/drought_classification
[I 11:47:53.498 NotebookApp] Jupyter Notebook 6.4.5 is running at:
[I 11:47:53.498 NotebookApp] http://localhost:18088/?token=3e4a33d6781d8c2ecd994e2aaa8f883f39f8d49dd816d3c8
[I 11:47:53.498 NotebookApp]  or http://127.0.0.1:18088/?token=3e4a33d6781d8c2ecd994e2aaa8f883f39f8d49dd816d3c8
[I 11:47:53.498 NotebookApp] Use Control-C to stop this server and shut down all kernels (twice to skip confirmation).
[C 11:47:53.505 NotebookApp] 
    
    To access the notebook, open this file in a browser:
        file:///home/fs02/pmr82_0001/ah986/.local/share/jupyter/runtime/nbserver-2436964-open.html
    Or copy and paste one of these URLs:
        http://localhost:18088/?token=3e4a33d6781d8c2ecd994e2aaa8f883f39f8d49dd816d3c8
     or http://127.0.0.1:18088/?token=3e4a33d6781d8c2ecd994e2aaa8f883f39f8d49dd816d3c8
[I 11:48:30.276 NotebookApp] 302 GET /?token=3e4a33d6781d8c2ecd994e2aaa8f883f39f8d49dd816d3c8 (::1) 0.370000ms
[W 11:49:26.948 NotebookApp] Notebook drought_impacts_all_users_summary.ipynb is not trusted
[W 11:49:26.976 NotebookApp] 404 GET /nbextensions/widgets/notebook/js/extension.js?v=20220907114750 (::1) 21.670000ms referer=http://localhost:8888/notebooks/drought_impacts_all_users_summary.ipynb
[I 11:49:27.293 NotebookApp] Kernel started: 0930836e-3e18-49fe-bcb9-9b458972ad73, name: python3
Exception in callback <TaskStepMethWrapper object at 0x153ea9c70e48>()
handle: <Handle <TaskStepMethWrapper object at 0x153ea9c70e48>()>
Traceback (most recent call last):
  File "/usr/lib64/python3.6/asyncio/events.py", line 145, in _run
    self._callback(*self._args)
KeyError: <_UnixSelectorEventLoop running=True closed=False debug=False>
[I 11:53:27.217 NotebookApp] Saving file at /drought_impacts_all_users_summary.ipynb
[I 11:55:27.228 NotebookApp] Saving file at /drought_impacts_all_users_summary.ipynb
[I 11:57:27.202 NotebookApp] Saving file at /drought_impacts_all_users_summary.ipynb
[I 11:59:27.202 NotebookApp] Saving file at /drought_impacts_all_users_summary.ipynb
[I 12:01:27.203 NotebookApp] Saving file at /drought_impacts_all_users_summary.ipynb
[I 12:03:27.204 NotebookApp] Saving file at /drought_impacts_all_users_summary.ipynb
[I 12:05:27.202 NotebookApp] Saving file at /drought_impacts_all_users_summary.ipynb
[I 12:07:27.193 NotebookApp] Saving file at /drought_impacts_all_users_summary.ipynb
[I 12:09:27.195 NotebookApp] Saving file at /drought_impacts_all_users_summary.ipynb
[I 12:11:27.192 NotebookApp] Saving file at /drought_impacts_all_users_summary.ipynb
[I 12:13:27.190 NotebookApp] Saving file at /drought_impacts_all_users_summary.ipynb
[I 12:15:29.328 NotebookApp] Saving file at /drought_impacts_all_users_summary.ipynb
[I 12:17:28.207 NotebookApp] Saving file at /drought_impacts_all_users_summary.ipynb
[I 12:19:29.063 NotebookApp] Saving file at /drought_impacts_all_users_summary.ipynb
[I 12:21:28.833 NotebookApp] Saving file at /drought_impacts_all_users_summary.ipynb
[I 12:23:28.112 NotebookApp] Saving file at /drought_impacts_all_users_summary.ipynb
[I 12:25:28.157 NotebookApp] Saving file at /drought_impacts_all_users_summary.ipynb
[I 12:27:29.238 NotebookApp] Saving file at /drought_impacts_all_users_summary.ipynb
[I 12:29:29.380 NotebookApp] Saving file at /drought_impacts_all_users_summary.ipynb
[I 12:31:28.720 NotebookApp] Saving file at /drought_impacts_all_users_summary.ipynb
[I 12:33:27.876 NotebookApp] Saving file at /drought_impacts_all_users_summary.ipynb
[I 12:35:27.779 NotebookApp] Saving file at /drought_impacts_all_users_summary.ipynb
[I 12:37:28.963 NotebookApp] Saving file at /drought_impacts_all_users_summary.ipynb
[I 12:39:28.164 NotebookApp] Saving file at /drought_impacts_all_users_summary.ipynb
[I 12:41:27.946 NotebookApp] Saving file at /drought_impacts_all_users_summary.ipynb
[I 12:43:28.354 NotebookApp] Saving file at /drought_impacts_all_users_summary.ipynb
[I 12:45:28.087 NotebookApp] Saving file at /drought_impacts_all_users_summary.ipynb
[I 12:47:29.094 NotebookApp] Saving file at /drought_impacts_all_users_summary.ipynb
[I 12:49:35.375 NotebookApp] Saving file at /drought_impacts_all_users_summary.ipynb
[I 13:25:27.122 NotebookApp] Saving file at /drought_impacts_all_users_summary.ipynb
[W 13:26:37.851 NotebookApp] Notebook hive_plots_drought_impacts.ipynb is not trusted
[I 13:26:38.164 NotebookApp] Kernel started: 6736cff8-0cda-4e88-a66c-33b1e0746118, name: python3
[W 13:26:38.192 NotebookApp] 404 GET /nbextensions/widgets/notebook/js/extension.js?v=20220907114750 (::1) 1.450000ms referer=http://localhost:8888/notebooks/hive_plots_drought_impacts.ipynb
[I 15:10:42.309 NotebookApp] Saving file at /hive_plots_drought_impacts.ipynb
[W 15:10:42.309 NotebookApp] Notebook hive_plots_drought_impacts.ipynb is not trusted
[I 15:38:38.075 NotebookApp] Saving file at /hive_plots_drought_impacts.ipynb
[W 15:38:38.075 NotebookApp] Notebook hive_plots_drought_impacts.ipynb is not trusted
[I 15:40:45.980 NotebookApp] Saving file at /hive_plots_drought_impacts.ipynb
[W 15:40:45.981 NotebookApp] Notebook hive_plots_drought_impacts.ipynb is not trusted
[I 15:44:38.072 NotebookApp] Saving file at /hive_plots_drought_impacts.ipynb
[W 15:44:38.072 NotebookApp] Notebook hive_plots_drought_impacts.ipynb is not trusted
[I 15:46:52.119 NotebookApp] Saving file at /hive_plots_drought_impacts.ipynb
[W 15:46:52.119 NotebookApp] Notebook hive_plots_drought_impacts.ipynb is not trusted
[I 15:49:26.994 NotebookApp] Saving file at /drought_impacts_all_users_summary.ipynb
[I 15:51:26.990 NotebookApp] Saving file at /drought_impacts_all_users_summary.ipynb
[I 15:53:20.759 NotebookApp] Kernel interrupted: 0930836e-3e18-49fe-bcb9-9b458972ad73
[I 15:53:26.989 NotebookApp] Saving file at /drought_impacts_all_users_summary.ipynb
[I 15:55:26.989 NotebookApp] Saving file at /drought_impacts_all_users_summary.ipynb
[I 15:57:00.384 NotebookApp] Kernel interrupted: 0930836e-3e18-49fe-bcb9-9b458972ad73
[I 15:57:26.988 NotebookApp] Saving file at /drought_impacts_all_users_summary.ipynb
[I 15:59:26.989 NotebookApp] Saving file at /drought_impacts_all_users_summary.ipynb
[I 16:01:26.984 NotebookApp] Saving file at /drought_impacts_all_users_summary.ipynb
[I 16:13:26.989 NotebookApp] Saving file at /drought_impacts_all_users_summary.ipynb
[I 16:15:26.970 NotebookApp] Saving file at /drought_impacts_all_users_summary.ipynb
[I 16:17:26.971 NotebookApp] Saving file at /drought_impacts_all_users_summary.ipynb
[I 16:19:26.966 NotebookApp] Saving file at /drought_impacts_all_users_summary.ipynb
[I 16:21:27.897 NotebookApp] Saving file at /drought_impacts_all_users_summary.ipynb
[I 16:23:26.966 NotebookApp] Saving file at /drought_impacts_all_users_summary.ipynb
[I 16:25:26.966 NotebookApp] Saving file at /drought_impacts_all_users_summary.ipynb
[I 16:27:27.783 NotebookApp] Saving file at /drought_impacts_all_users_summary.ipynb
[I 16:29:28.482 NotebookApp] Saving file at /drought_impacts_all_users_summary.ipynb
[I 16:31:28.088 NotebookApp] Saving file at /drought_impacts_all_users_summary.ipynb
[I 16:33:28.001 NotebookApp] Saving file at /drought_impacts_all_users_summary.ipynb
[I 16:35:28.236 NotebookApp] Saving file at /drought_impacts_all_users_summary.ipynb
[I 16:37:28.324 NotebookApp] Saving file at /drought_impacts_all_users_summary.ipynb
[I 16:39:28.199 NotebookApp] Saving file at /drought_impacts_all_users_summary.ipynb
[I 16:41:28.313 NotebookApp] Saving file at /drought_impacts_all_users_summary.ipynb
[I 16:43:28.495 NotebookApp] Saving file at /drought_impacts_all_users_summary.ipynb
[I 16:45:28.018 NotebookApp] Saving file at /drought_impacts_all_users_summary.ipynb
[I 16:47:28.046 NotebookApp] Saving file at /drought_impacts_all_users_summary.ipynb
[I 16:49:28.485 NotebookApp] Saving file at /drought_impacts_all_users_summary.ipynb
[I 16:51:27.731 NotebookApp] Saving file at /drought_impacts_all_users_summary.ipynb
[I 16:53:27.585 NotebookApp] Saving file at /drought_impacts_all_users_summary.ipynb
[I 16:55:27.771 NotebookApp] Saving file at /drought_impacts_all_users_summary.ipynb
[I 16:57:27.842 NotebookApp] Saving file at /drought_impacts_all_users_summary.ipynb
[I 16:59:28.983 NotebookApp] Saving file at /drought_impacts_all_users_summary.ipynb
[I 17:01:28.953 NotebookApp] Saving file at /drought_impacts_all_users_summary.ipynb
[I 17:03:27.583 NotebookApp] Saving file at /drought_impacts_all_users_summary.ipynb
[I 17:05:28.141 NotebookApp] Saving file at /drought_impacts_all_users_summary.ipynb
[I 17:07:26.930 NotebookApp] Saving file at /drought_impacts_all_users_summary.ipynb
[I 17:09:26.928 NotebookApp] Saving file at /drought_impacts_all_users_summary.ipynb
[I 17:13:28.679 NotebookApp] Saving file at /drought_impacts_all_users_summary.ipynb
[I 17:14:37.994 NotebookApp] Saving file at /hive_plots_drought_impacts.ipynb
[W 17:14:37.994 NotebookApp] Notebook hive_plots_drought_impacts.ipynb is not trusted
[I 17:30:38.770 NotebookApp] Saving file at /hive_plots_drought_impacts.ipynb
[W 17:30:38.770 NotebookApp] Notebook hive_plots_drought_impacts.ipynb is not trusted
[I 17:32:37.973 NotebookApp] Saving file at /hive_plots_drought_impacts.ipynb
[W 17:32:37.973 NotebookApp] Notebook hive_plots_drought_impacts.ipynb is not trusted
[I 17:34:37.973 NotebookApp] Saving file at /hive_plots_drought_impacts.ipynb
[W 17:34:37.974 NotebookApp] Notebook hive_plots_drought_impacts.ipynb is not trusted
[I 17:40:38.011 NotebookApp] Saving file at /hive_plots_drought_impacts.ipynb
[W 17:40:38.012 NotebookApp] Notebook hive_plots_drought_impacts.ipynb is not trusted
[I 17:58:37.973 NotebookApp] Saving file at /hive_plots_drought_impacts.ipynb
[W 17:58:37.973 NotebookApp] Notebook hive_plots_drought_impacts.ipynb is not trusted
[I 18:04:37.990 NotebookApp] Saving file at /hive_plots_drought_impacts.ipynb
[W 18:04:37.990 NotebookApp] Notebook hive_plots_drought_impacts.ipynb is not trusted
[I 18:06:37.948 NotebookApp] Saving file at /hive_plots_drought_impacts.ipynb
[W 18:06:37.948 NotebookApp] Notebook hive_plots_drought_impacts.ipynb is not trusted
[I 18:08:37.935 NotebookApp] Saving file at /hive_plots_drought_impacts.ipynb
[W 18:08:37.935 NotebookApp] Notebook hive_plots_drought_impacts.ipynb is not trusted
[I 18:10:37.940 NotebookApp] Saving file at /hive_plots_drought_impacts.ipynb
[W 18:10:37.940 NotebookApp] Notebook hive_plots_drought_impacts.ipynb is not trusted
[I 18:12:37.952 NotebookApp] Saving file at /hive_plots_drought_impacts.ipynb
[I 18:14:37.935 NotebookApp] Saving file at /hive_plots_drought_impacts.ipynb
[I 18:16:37.932 NotebookApp] Saving file at /hive_plots_drought_impacts.ipynb
[I 18:51:26.869 NotebookApp] Saving file at /drought_impacts_all_users_summary.ipynb
[I 18:53:26.831 NotebookApp] Saving file at /drought_impacts_all_users_summary.ipynb
[I 18:57:26.829 NotebookApp] Saving file at /drought_impacts_all_users_summary.ipynb
[I 18:59:26.842 NotebookApp] Saving file at /drought_impacts_all_users_summary.ipynb
[I 19:01:32.936 NotebookApp] Saving file at /drought_impacts_all_users_summary.ipynb
[I 19:03:26.840 NotebookApp] Saving file at /drought_impacts_all_users_summary.ipynb
[I 19:05:26.822 NotebookApp] Saving file at /drought_impacts_all_users_summary.ipynb
[I 19:07:04.814 NotebookApp] Kernel interrupted: 0930836e-3e18-49fe-bcb9-9b458972ad73
[I 19:07:26.837 NotebookApp] Saving file at /drought_impacts_all_users_summary.ipynb
[I 19:09:07.134 NotebookApp] Kernel interrupted: 0930836e-3e18-49fe-bcb9-9b458972ad73
[I 19:09:26.829 NotebookApp] Saving file at /drought_impacts_all_users_summary.ipynb
[I 19:11:31.159 NotebookApp] Saving file at /drought_impacts_all_users_summary.ipynb
[I 19:13:26.829 NotebookApp] Saving file at /drought_impacts_all_users_summary.ipynb
[I 19:15:28.690 NotebookApp] Saving file at /drought_impacts_all_users_summary.ipynb
[I 19:17:26.808 NotebookApp] Saving file at /drought_impacts_all_users_summary.ipynb
[I 19:19:26.823 NotebookApp] Saving file at /drought_impacts_all_users_summary.ipynb
[I 19:21:26.807 NotebookApp] Saving file at /drought_impacts_all_users_summary.ipynb
[I 19:23:26.824 NotebookApp] Saving file at /drought_impacts_all_users_summary.ipynb
[I 19:25:26.819 NotebookApp] Saving file at /drought_impacts_all_users_summary.ipynb
[I 19:27:26.814 NotebookApp] Saving file at /drought_impacts_all_users_summary.ipynb
[I 19:29:26.795 NotebookApp] Saving file at /drought_impacts_all_users_summary.ipynb
[I 19:36:54.779 NotebookApp] Kernel interrupted: 0930836e-3e18-49fe-bcb9-9b458972ad73
srun: Job step aborted: Waiting up to 32 seconds for job step to finish.
srun: got SIGCONT
slurmstepd: error: *** JOB 21896 ON c0001 CANCELLED AT 2022-09-07T19:37:09 ***
slurmstepd: error: *** STEP 21896.0 ON c0001 CANCELLED AT 2022-09-07T19:37:09 ***
srun: forcing job termination
[C 19:37:09.367 NotebookApp] received signal 15, stopping
connect_to localhost port 18088: failed.
connect_to localhost port 18088: failed.
