[W 2022-09-15 11:05:13.135 LabApp] 'port' has moved from NotebookApp to ServerApp. This config will be passed to ServerApp. Be sure to update your config before our next release.
[W 2022-09-15 11:05:13.135 LabApp] 'port' has moved from NotebookApp to ServerApp. This config will be passed to ServerApp. Be sure to update your config before our next release.
[W 2022-09-15 11:05:13.135 LabApp] 'port' has moved from NotebookApp to ServerApp. This config will be passed to ServerApp. Be sure to update your config before our next release.
[W 2022-09-15 11:05:13.135 LabApp] 'port' has moved from NotebookApp to ServerApp. This config will be passed to ServerApp. Be sure to update your config before our next release.
[I 2022-09-15 11:05:13.138 LabApp] JupyterLab extension loaded from /home/fs02/pmr82_0001/ah986/rival_framings/lib64/python3.6/site-packages/jupyterlab
[I 2022-09-15 11:05:13.138 LabApp] JupyterLab application directory is /home/fs02/pmr82_0001/ah986/rival_framings/share/jupyter/lab
[I 11:05:13.143 NotebookApp] Serving notebooks from local directory: /home/fs02/pmr82_0001/ah986/drought_classification
[I 11:05:13.143 NotebookApp] Jupyter Notebook 6.4.5 is running at:
[I 11:05:13.143 NotebookApp] http://localhost:18405/?token=11a7ff420e50afd4566741f88714a93a2d8f5f4c9c5a3fcf
[I 11:05:13.143 NotebookApp]  or http://127.0.0.1:18405/?token=11a7ff420e50afd4566741f88714a93a2d8f5f4c9c5a3fcf
[I 11:05:13.143 NotebookApp] Use Control-C to stop this server and shut down all kernels (twice to skip confirmation).
[C 11:05:13.148 NotebookApp] 
    
    To access the notebook, open this file in a browser:
        file:///home/fs02/pmr82_0001/ah986/.local/share/jupyter/runtime/nbserver-2538395-open.html
    Or copy and paste one of these URLs:
        http://localhost:18405/?token=11a7ff420e50afd4566741f88714a93a2d8f5f4c9c5a3fcf
     or http://127.0.0.1:18405/?token=11a7ff420e50afd4566741f88714a93a2d8f5f4c9c5a3fcf
[I 11:06:08.049 NotebookApp] 302 GET /?token=11a7ff420e50afd4566741f88714a93a2d8f5f4c9c5a3fcf (::1) 0.470000ms
[W 11:10:11.791 NotebookApp] 404 GET /nbextensions/widgets/notebook/js/extension.js?v=20220915110512 (::1) 6.920000ms referer=http://localhost:8888/notebooks/drought_impacts.ipynb
[I 11:10:12.272 NotebookApp] Kernel started: 20f4ea0c-e6e2-4367-9923-f92edc43cfed, name: python3
Exception in callback <TaskStepMethWrapper object at 0x1462b40d8748>()
handle: <Handle <TaskStepMethWrapper object at 0x1462b40d8748>()>
Traceback (most recent call last):
  File "/usr/lib64/python3.6/asyncio/events.py", line 145, in _run
    self._callback(*self._args)
KeyError: <_UnixSelectorEventLoop running=True closed=False debug=False>
[W 11:10:25.684 NotebookApp] Notebook hive_plots_drought_impacts-non_stationary.ipynb is not trusted
[W 11:10:25.701 NotebookApp] 404 GET /nbextensions/widgets/notebook/js/extension.js?v=20220915110512 (::1) 1.720000ms referer=http://localhost:8888/notebooks/hive_plots_drought_impacts-non_stationary.ipynb
[I 11:10:26.036 NotebookApp] Kernel started: 5d17d7d7-400b-480d-910a-fa86d4eae447, name: python3
[W 11:11:47.420 NotebookApp] 404 GET /nbextensions/widgets/notebook/js/extension.js?v=20220915110512 (::1) 1.460000ms referer=http://localhost:8888/notebooks/drought_impacts_all_users_summary.ipynb
[I 11:11:47.634 NotebookApp] Kernel started: 865d3795-7fe9-4ee5-a00a-b1d6ffb66ee4, name: python3
[I 11:12:27.242 NotebookApp] Saving file at /hive_plots_drought_impacts-non_stationary.ipynb
[W 11:12:27.243 NotebookApp] Notebook hive_plots_drought_impacts-non_stationary.ipynb is not trusted
[I 11:13:48.610 NotebookApp] Saving file at /drought_impacts_all_users_summary.ipynb
[I 11:15:49.404 NotebookApp] Saving file at /drought_impacts_all_users_summary.ipynb
[I 11:17:48.825 NotebookApp] Saving file at /drought_impacts_all_users_summary.ipynb
[I 11:19:47.692 NotebookApp] Saving file at /drought_impacts_all_users_summary.ipynb
[I 11:21:49.501 NotebookApp] Saving file at /drought_impacts_all_users_summary.ipynb
[I 11:23:49.411 NotebookApp] Saving file at /drought_impacts_all_users_summary.ipynb
[I 11:25:49.046 NotebookApp] Saving file at /drought_impacts_all_users_summary.ipynb
[I 11:27:48.751 NotebookApp] Saving file at /drought_impacts_all_users_summary.ipynb
[I 11:29:49.741 NotebookApp] Saving file at /drought_impacts_all_users_summary.ipynb
[I 11:31:48.681 NotebookApp] Saving file at /drought_impacts_all_users_summary.ipynb
[I 11:33:50.172 NotebookApp] Saving file at /drought_impacts_all_users_summary.ipynb
[I 11:35:49.221 NotebookApp] Saving file at /drought_impacts_all_users_summary.ipynb
[I 11:37:48.693 NotebookApp] Saving file at /drought_impacts_all_users_summary.ipynb
[I 11:39:48.639 NotebookApp] Saving file at /drought_impacts_all_users_summary.ipynb
[I 11:41:49.521 NotebookApp] Saving file at /drought_impacts_all_users_summary.ipynb
[I 11:43:48.492 NotebookApp] Saving file at /drought_impacts_all_users_summary.ipynb
[I 11:45:49.908 NotebookApp] Saving file at /drought_impacts_all_users_summary.ipynb
[I 11:47:48.741 NotebookApp] Saving file at /drought_impacts_all_users_summary.ipynb
[I 11:49:49.783 NotebookApp] Saving file at /drought_impacts_all_users_summary.ipynb
[I 11:51:48.952 NotebookApp] Saving file at /drought_impacts_all_users_summary.ipynb
[I 11:53:48.610 NotebookApp] Saving file at /drought_impacts_all_users_summary.ipynb
[I 11:55:48.716 NotebookApp] Saving file at /drought_impacts_all_users_summary.ipynb
[I 11:57:48.637 NotebookApp] Saving file at /drought_impacts_all_users_summary.ipynb
[I 11:59:49.577 NotebookApp] Saving file at /drought_impacts_all_users_summary.ipynb
[I 12:01:47.626 NotebookApp] Saving file at /drought_impacts_all_users_summary.ipynb
[I 12:03:47.623 NotebookApp] Saving file at /drought_impacts_all_users_summary.ipynb
[I 12:05:47.620 NotebookApp] Saving file at /drought_impacts_all_users_summary.ipynb
[I 12:07:47.621 NotebookApp] Saving file at /drought_impacts_all_users_summary.ipynb
[I 12:09:47.618 NotebookApp] Saving file at /drought_impacts_all_users_summary.ipynb
[I 12:12:38.638 NotebookApp] Starting buffering for 865d3795-7fe9-4ee5-a00a-b1d6ffb66ee4:84064e9f60ba44f29c30ab2501731222
[I 12:12:38.638 NotebookApp] Starting buffering for 20f4ea0c-e6e2-4367-9923-f92edc43cfed:f28af03274a84a11bd6143553023e04b
[I 12:12:38.639 NotebookApp] Starting buffering for 5d17d7d7-400b-480d-910a-fa86d4eae447:ee67e876fef247ea8ea94d9c9b19e7ad
[I 12:12:39.696 NotebookApp] Restoring connection for 865d3795-7fe9-4ee5-a00a-b1d6ffb66ee4:84064e9f60ba44f29c30ab2501731222
[I 12:12:41.169 NotebookApp] Restoring connection for 20f4ea0c-e6e2-4367-9923-f92edc43cfed:f28af03274a84a11bd6143553023e04b
[I 12:12:41.249 NotebookApp] Restoring connection for 5d17d7d7-400b-480d-910a-fa86d4eae447:ee67e876fef247ea8ea94d9c9b19e7ad
[W 12:20:09.697 NotebookApp] WebSocket ping timeout after 119971 ms.
[W 12:20:11.171 NotebookApp] WebSocket ping timeout after 119972 ms.
[W 12:20:11.250 NotebookApp] WebSocket ping timeout after 119973 ms.
[I 12:20:14.698 NotebookApp] Starting buffering for 865d3795-7fe9-4ee5-a00a-b1d6ffb66ee4:84064e9f60ba44f29c30ab2501731222
[I 12:20:16.172 NotebookApp] Starting buffering for 20f4ea0c-e6e2-4367-9923-f92edc43cfed:f28af03274a84a11bd6143553023e04b
[I 12:20:16.251 NotebookApp] Starting buffering for 5d17d7d7-400b-480d-910a-fa86d4eae447:ee67e876fef247ea8ea94d9c9b19e7ad
srun: Job step aborted: Waiting up to 32 seconds for job step to finish.
slurmstepd: error: *** JOB 22004 ON c0001 CANCELLED AT 2022-09-15T19:05:35 DUE TO TIME LIMIT ***
slurmstepd: error: *** STEP 22004.0 ON c0001 CANCELLED AT 2022-09-15T19:05:35 DUE TO TIME LIMIT ***
[C 19:05:35.895 NotebookApp] received signal 15, stopping
srun: got SIGCONT
srun: forcing job termination
[C 19:05:35.896 NotebookApp] received signal 15, stopping
[I 19:05:35.896 NotebookApp] Shutting down 3 kernels
[I 19:05:35.897 NotebookApp] Kernel shutdown: 20f4ea0c-e6e2-4367-9923-f92edc43cfed
