[W 2022-08-02 15:18:37.245 LabApp] 'port' has moved from NotebookApp to ServerApp. This config will be passed to ServerApp. Be sure to update your config before our next release.
[W 2022-08-02 15:18:37.245 LabApp] 'port' has moved from NotebookApp to ServerApp. This config will be passed to ServerApp. Be sure to update your config before our next release.
[W 2022-08-02 15:18:37.245 LabApp] 'port' has moved from NotebookApp to ServerApp. This config will be passed to ServerApp. Be sure to update your config before our next release.
[W 2022-08-02 15:18:37.245 LabApp] 'port' has moved from NotebookApp to ServerApp. This config will be passed to ServerApp. Be sure to update your config before our next release.
[I 2022-08-02 15:18:37.248 LabApp] JupyterLab extension loaded from /home/fs02/pmr82_0001/ah986/rival_framings/lib64/python3.6/site-packages/jupyterlab
[I 2022-08-02 15:18:37.248 LabApp] JupyterLab application directory is /home/fs02/pmr82_0001/ah986/rival_framings/share/jupyter/lab
[I 15:18:37.253 NotebookApp] Serving notebooks from local directory: /home/fs02/pmr82_0001/ah986/drought_classification
[I 15:18:37.253 NotebookApp] Jupyter Notebook 6.4.5 is running at:
[I 15:18:37.253 NotebookApp] http://localhost:18108/?token=33e3f7c2eac9a46a611b090f97a6b917df9e124b6cafa9e2
[I 15:18:37.253 NotebookApp]  or http://127.0.0.1:18108/?token=33e3f7c2eac9a46a611b090f97a6b917df9e124b6cafa9e2
[I 15:18:37.253 NotebookApp] Use Control-C to stop this server and shut down all kernels (twice to skip confirmation).
[C 15:18:37.259 NotebookApp] 
    
    To access the notebook, open this file in a browser:
        file:///home/fs02/pmr82_0001/ah986/.local/share/jupyter/runtime/nbserver-2294883-open.html
    Or copy and paste one of these URLs:
        http://localhost:18108/?token=33e3f7c2eac9a46a611b090f97a6b917df9e124b6cafa9e2
     or http://127.0.0.1:18108/?token=33e3f7c2eac9a46a611b090f97a6b917df9e124b6cafa9e2
[I 15:19:04.902 NotebookApp] 302 GET /?token=33e3f7c2eac9a46a611b090f97a6b917df9e124b6cafa9e2 (::1) 0.470000ms
[W 15:29:32.747 NotebookApp] Notebook streamflow_distribution_changes.ipynb is not trusted
[W 15:29:32.802 NotebookApp] 404 GET /nbextensions/widgets/notebook/js/extension.js?v=20220802151836 (::1) 7.220000ms referer=http://localhost:8888/notebooks/streamflow_distribution_changes.ipynb
[I 15:29:32.970 NotebookApp] Kernel started: 5e827b77-0777-4088-ae5e-fd466accd8eb, name: python3
Exception in callback <TaskStepMethWrapper object at 0x1539d4cc39b0>()
handle: <Handle <TaskStepMethWrapper object at 0x1539d4cc39b0>()>
Traceback (most recent call last):
  File "/usr/lib64/python3.6/asyncio/events.py", line 145, in _run
    self._callback(*self._args)
KeyError: <_UnixSelectorEventLoop running=True closed=False debug=False>
srun: Job step aborted: Waiting up to 32 seconds for job step to finish.
slurmstepd: error: *** STEP 20973.0 ON c0001 CANCELLED AT 2022-08-02T15:35:42 ***
slurmstepd: error: *** JOB 20973 ON c0001 CANCELLED AT 2022-08-02T15:35:42 ***
srun: got SIGCONT
srun: forcing job termination
[C 15:35:42.960 NotebookApp] received signal 15, stopping
[I 15:35:42.963 NotebookApp] Shutting down 1 kernel
[I 15:35:42.963 NotebookApp] Kernel shutdown: 5e827b77-0777-4088-ae5e-fd466accd8eb
connect_to localhost port 18108: failed.
