[W 2022-09-07 19:37:17.017 LabApp] 'port' has moved from NotebookApp to ServerApp. This config will be passed to ServerApp. Be sure to update your config before our next release.
[W 2022-09-07 19:37:17.017 LabApp] 'port' has moved from NotebookApp to ServerApp. This config will be passed to ServerApp. Be sure to update your config before our next release.
[W 2022-09-07 19:37:17.017 LabApp] 'port' has moved from NotebookApp to ServerApp. This config will be passed to ServerApp. Be sure to update your config before our next release.
[W 2022-09-07 19:37:17.017 LabApp] 'port' has moved from NotebookApp to ServerApp. This config will be passed to ServerApp. Be sure to update your config before our next release.
[I 2022-09-07 19:37:17.020 LabApp] JupyterLab extension loaded from /home/fs02/pmr82_0001/ah986/rival_framings/lib64/python3.6/site-packages/jupyterlab
[I 2022-09-07 19:37:17.020 LabApp] JupyterLab application directory is /home/fs02/pmr82_0001/ah986/rival_framings/share/jupyter/lab
[I 19:37:17.025 NotebookApp] Serving notebooks from local directory: /home/fs02/pmr82_0001/ah986/drought_classification
[I 19:37:17.025 NotebookApp] Jupyter Notebook 6.4.5 is running at:
[I 19:37:17.025 NotebookApp] http://localhost:18406/?token=2c94e7e53904380fb8f4d29a9c87597d6a686810ce7b1870
[I 19:37:17.025 NotebookApp]  or http://127.0.0.1:18406/?token=2c94e7e53904380fb8f4d29a9c87597d6a686810ce7b1870
[I 19:37:17.025 NotebookApp] Use Control-C to stop this server and shut down all kernels (twice to skip confirmation).
[C 19:37:17.031 NotebookApp] 
    
    To access the notebook, open this file in a browser:
        file:///home/fs02/pmr82_0001/ah986/.local/share/jupyter/runtime/nbserver-2439839-open.html
    Or copy and paste one of these URLs:
        http://localhost:18406/?token=2c94e7e53904380fb8f4d29a9c87597d6a686810ce7b1870
     or http://127.0.0.1:18406/?token=2c94e7e53904380fb8f4d29a9c87597d6a686810ce7b1870
[I 19:38:38.091 NotebookApp] 302 GET /?token=2c94e7e53904380fb8f4d29a9c87597d6a686810ce7b1870 (::1) 0.280000ms
[W 19:38:42.031 NotebookApp] 404 DELETE /api/sessions/e44d765a-369a-441e-91c5-a92ab7448c22 (::1): Session not found: session_id='e44d765a-369a-441e-91c5-a92ab7448c22'
[W 19:38:42.031 NotebookApp] Session not found: session_id='e44d765a-369a-441e-91c5-a92ab7448c22'
[W 19:38:42.031 NotebookApp] 404 DELETE /api/sessions/e44d765a-369a-441e-91c5-a92ab7448c22 (::1) 0.760000ms referer=http://localhost:8888/notebooks/drought_impacts_all_users_summary.ipynb
[I 19:38:42.139 NotebookApp] Kernel started: 9c0c65f4-453a-49b5-8cd1-0cfee3ef431d, name: python3
[I 19:38:46.401 NotebookApp] Starting buffering for 9c0c65f4-453a-49b5-8cd1-0cfee3ef431d:99a00708698049dcb31c32ecf3254812
[W 19:38:52.333 NotebookApp] Notebook drought_impacts_all_users_summary.ipynb is not trusted
[W 19:38:52.347 NotebookApp] 404 GET /nbextensions/widgets/notebook/js/extension.js?v=20220907193716 (::1) 6.820000ms referer=http://localhost:8888/notebooks/drought_impacts_all_users_summary.ipynb
[I 19:40:52.598 NotebookApp] Saving file at /drought_impacts_all_users_summary.ipynb
[I 19:46:52.584 NotebookApp] Saving file at /drought_impacts_all_users_summary.ipynb
[I 19:48:52.582 NotebookApp] Saving file at /drought_impacts_all_users_summary.ipynb
[I 19:50:53.435 NotebookApp] Saving file at /drought_impacts_all_users_summary.ipynb
[I 19:52:52.583 NotebookApp] Saving file at /drought_impacts_all_users_summary.ipynb
[I 19:54:52.582 NotebookApp] Saving file at /drought_impacts_all_users_summary.ipynb
[I 19:56:52.599 NotebookApp] Saving file at /drought_impacts_all_users_summary.ipynb
[I 19:58:52.576 NotebookApp] Saving file at /drought_impacts_all_users_summary.ipynb
[I 20:00:52.574 NotebookApp] Saving file at /drought_impacts_all_users_summary.ipynb
[I 20:02:52.572 NotebookApp] Saving file at /drought_impacts_all_users_summary.ipynb
[I 20:04:01.639 NotebookApp] Starting buffering for 9c0c65f4-453a-49b5-8cd1-0cfee3ef431d:78aa9bcb0a794bd090e9ddd43587fb1b
[I 20:04:02.699 NotebookApp] Restoring connection for 9c0c65f4-453a-49b5-8cd1-0cfee3ef431d:78aa9bcb0a794bd090e9ddd43587fb1b
[I 20:04:55.160 NotebookApp] Saving file at /drought_impacts_all_users_summary.ipynb
[W 20:07:02.702 NotebookApp] WebSocket ping timeout after 119976 ms.
[W 20:07:05.125 NotebookApp] zmq message arrived on closed channel
[I 20:07:07.706 NotebookApp] Starting buffering for 9c0c65f4-453a-49b5-8cd1-0cfee3ef431d:78aa9bcb0a794bd090e9ddd43587fb1b
srun: Job step aborted: Waiting up to 32 seconds for job step to finish.
slurmstepd: error: *** JOB 21897 ON c0001 CANCELLED AT 2022-09-08T03:37:33 DUE TO TIME LIMIT ***
slurmstepd: error: *** STEP 21897.0 ON c0001 CANCELLED AT 2022-09-08T03:37:33 DUE TO TIME LIMIT ***
[C 03:37:33.166 NotebookApp] received signal 15, stopping
srun: got SIGCONT
srun: forcing job termination
