[W 2022-09-19 11:30:49.122 LabApp] 'port' has moved from NotebookApp to ServerApp. This config will be passed to ServerApp. Be sure to update your config before our next release.
[W 2022-09-19 11:30:49.122 LabApp] 'port' has moved from NotebookApp to ServerApp. This config will be passed to ServerApp. Be sure to update your config before our next release.
[W 2022-09-19 11:30:49.122 LabApp] 'port' has moved from NotebookApp to ServerApp. This config will be passed to ServerApp. Be sure to update your config before our next release.
[W 2022-09-19 11:30:49.122 LabApp] 'port' has moved from NotebookApp to ServerApp. This config will be passed to ServerApp. Be sure to update your config before our next release.
[I 2022-09-19 11:30:49.125 LabApp] JupyterLab extension loaded from /home/fs02/pmr82_0001/ah986/rival_framings/lib64/python3.6/site-packages/jupyterlab
[I 2022-09-19 11:30:49.125 LabApp] JupyterLab application directory is /home/fs02/pmr82_0001/ah986/rival_framings/share/jupyter/lab
[I 11:30:49.129 NotebookApp] Serving notebooks from local directory: /home/fs02/pmr82_0001/ah986/drought_classification
[I 11:30:49.129 NotebookApp] Jupyter Notebook 6.4.5 is running at:
[I 11:30:49.129 NotebookApp] http://localhost:18133/?token=ea37379ea23dfef47a911ab1d47011edac0e05bbec02f8e8
[I 11:30:49.129 NotebookApp]  or http://127.0.0.1:18133/?token=ea37379ea23dfef47a911ab1d47011edac0e05bbec02f8e8
[I 11:30:49.129 NotebookApp] Use Control-C to stop this server and shut down all kernels (twice to skip confirmation).
[C 11:30:49.135 NotebookApp] 
    
    To access the notebook, open this file in a browser:
        file:///home/fs02/pmr82_0001/ah986/.local/share/jupyter/runtime/nbserver-3305638-open.html
    Or copy and paste one of these URLs:
        http://localhost:18133/?token=ea37379ea23dfef47a911ab1d47011edac0e05bbec02f8e8
     or http://127.0.0.1:18133/?token=ea37379ea23dfef47a911ab1d47011edac0e05bbec02f8e8
[I 11:31:23.366 NotebookApp] 302 GET /?token=ea37379ea23dfef47a911ab1d47011edac0e05bbec02f8e8 (::1) 0.370000ms
[W 11:32:12.352 NotebookApp] Notebook streamflow_distribution_changes.ipynb is not trusted
[W 11:32:12.372 NotebookApp] 404 GET /nbextensions/widgets/notebook/js/extension.js?v=20220919113048 (::1) 6.180000ms referer=http://localhost:8888/notebooks/streamflow_distribution_changes.ipynb
[I 11:32:13.148 NotebookApp] Kernel started: b467a83d-8da5-4a71-912d-0802d7b45890, name: python3
Exception in callback <TaskStepMethWrapper object at 0x151738f9a1d0>()
handle: <Handle <TaskStepMethWrapper object at 0x151738f9a1d0>()>
Traceback (most recent call last):
  File "/usr/lib64/python3.6/asyncio/events.py", line 145, in _run
    self._callback(*self._args)
KeyError: <_UnixSelectorEventLoop running=True closed=False debug=False>
