[W 2022-08-10 10:41:06.461 LabApp] 'port' has moved from NotebookApp to ServerApp. This config will be passed to ServerApp. Be sure to update your config before our next release.
[W 2022-08-10 10:41:06.461 LabApp] 'port' has moved from NotebookApp to ServerApp. This config will be passed to ServerApp. Be sure to update your config before our next release.
[W 2022-08-10 10:41:06.461 LabApp] 'port' has moved from NotebookApp to ServerApp. This config will be passed to ServerApp. Be sure to update your config before our next release.
[W 2022-08-10 10:41:06.461 LabApp] 'port' has moved from NotebookApp to ServerApp. This config will be passed to ServerApp. Be sure to update your config before our next release.
[I 2022-08-10 10:41:06.464 LabApp] JupyterLab extension loaded from /home/fs02/pmr82_0001/ah986/rival_framings/lib64/python3.6/site-packages/jupyterlab
[I 2022-08-10 10:41:06.464 LabApp] JupyterLab application directory is /home/fs02/pmr82_0001/ah986/rival_framings/share/jupyter/lab
[I 10:41:06.469 NotebookApp] Serving notebooks from local directory: /home/fs02/pmr82_0001/ah986/drought_classification
[I 10:41:06.469 NotebookApp] Jupyter Notebook 6.4.5 is running at:
[I 10:41:06.469 NotebookApp] http://localhost:18422/?token=6757033b54dc4dd50f8724bd7109f2ebdcee79bd7077076c
[I 10:41:06.469 NotebookApp]  or http://127.0.0.1:18422/?token=6757033b54dc4dd50f8724bd7109f2ebdcee79bd7077076c
[I 10:41:06.469 NotebookApp] Use Control-C to stop this server and shut down all kernels (twice to skip confirmation).
[C 10:41:06.474 NotebookApp] 
    
    To access the notebook, open this file in a browser:
        file:///home/fs02/pmr82_0001/ah986/.local/share/jupyter/runtime/nbserver-2468727-open.html
    Or copy and paste one of these URLs:
        http://localhost:18422/?token=6757033b54dc4dd50f8724bd7109f2ebdcee79bd7077076c
     or http://127.0.0.1:18422/?token=6757033b54dc4dd50f8724bd7109f2ebdcee79bd7077076c
[I 10:41:39.952 NotebookApp] 302 GET /?token=6757033b54dc4dd50f8724bd7109f2ebdcee79bd7077076c (::1) 0.510000ms
[W 10:43:45.327 NotebookApp] Notebook hive_plots_drought_impacts.ipynb is not trusted
[W 10:43:45.347 NotebookApp] 404 GET /nbextensions/widgets/notebook/js/extension.js?v=20220810104104 (::1) 7.130000ms referer=http://localhost:8888/notebooks/hive_plots_drought_impacts.ipynb
[I 10:43:45.779 NotebookApp] Kernel started: 78114211-8ec3-48ef-9da8-89926fa3a88d, name: python3
Exception in callback <TaskStepMethWrapper object at 0x15074917dcc0>()
handle: <Handle <TaskStepMethWrapper object at 0x15074917dcc0>()>
Traceback (most recent call last):
  File "/usr/lib64/python3.6/asyncio/events.py", line 145, in _run
    self._callback(*self._args)
KeyError: <_UnixSelectorEventLoop running=True closed=False debug=False>
[W 10:43:46.090 NotebookApp] Notebook hive_plots_drought_impacts.ipynb is not trusted
[W 10:43:46.830 NotebookApp] 404 GET /nbextensions/widgets/notebook/js/extension.js?v=20220810104104 (::1) 1.250000ms referer=http://localhost:8888/notebooks/hive_plots_drought_impacts.ipynb
[I 10:45:46.580 NotebookApp] Saving file at /hive_plots_drought_impacts.ipynb
[W 10:45:46.580 NotebookApp] Notebook hive_plots_drought_impacts.ipynb is not trusted
[I 10:47:46.606 NotebookApp] Saving file at /hive_plots_drought_impacts.ipynb
[W 10:47:46.606 NotebookApp] Notebook hive_plots_drought_impacts.ipynb is not trusted
[W 11:27:20.793 NotebookApp] Notebook streamflow_distribution_changes.ipynb is not trusted
[W 11:27:20.807 NotebookApp] 404 GET /nbextensions/widgets/notebook/js/extension.js?v=20220810104104 (::1) 1.840000ms referer=http://localhost:8888/notebooks/streamflow_distribution_changes.ipynb
[I 11:27:21.316 NotebookApp] Kernel started: c0328f48-494b-4569-8af6-b962baa826fd, name: python3
[W 11:27:31.169 NotebookApp] 404 GET /nbextensions/widgets/notebook/js/extension.js?v=20220810104104 (::1) 1.740000ms referer=http://localhost:8888/notebooks/drought_impacts.ipynb
[I 11:27:32.201 NotebookApp] Kernel started: 558803af-07ae-4d25-8ba8-9b594cc72fac, name: python3
[W 11:28:24.474 NotebookApp] 404 GET /nbextensions/widgets/notebook/js/extension.js?v=20220810104104 (::1) 1.570000ms referer=http://localhost:8888/notebooks/drought_impacts_all_users_summary.ipynb
[I 11:28:24.834 NotebookApp] Kernel started: 84512053-6b71-4fa1-9a5b-a2837e6ca2eb, name: python3
[I 11:29:07.423 NotebookApp] Starting buffering for 558803af-07ae-4d25-8ba8-9b594cc72fac:6de80114d77d45a6b4ecd40579857aec
[I 11:29:08.246 NotebookApp] Starting buffering for c0328f48-494b-4569-8af6-b962baa826fd:7cc7857676cc48a99aa74ae6ab7b4b03
[I 11:39:47.451 NotebookApp] Saving file at /hive_plots_drought_impacts.ipynb
[W 11:39:47.452 NotebookApp] Notebook hive_plots_drought_impacts.ipynb is not trusted
[I 11:43:46.614 NotebookApp] Saving file at /hive_plots_drought_impacts.ipynb
[W 11:43:46.614 NotebookApp] Notebook hive_plots_drought_impacts.ipynb is not trusted
[I 11:45:47.369 NotebookApp] Saving file at /hive_plots_drought_impacts.ipynb
[W 11:45:47.370 NotebookApp] Notebook hive_plots_drought_impacts.ipynb is not trusted
[I 11:47:46.593 NotebookApp] Saving file at /hive_plots_drought_impacts.ipynb
[W 11:47:46.593 NotebookApp] Notebook hive_plots_drought_impacts.ipynb is not trusted
[I 11:53:47.456 NotebookApp] Saving file at /hive_plots_drought_impacts.ipynb
[W 11:53:47.457 NotebookApp] Notebook hive_plots_drought_impacts.ipynb is not trusted
[I 11:55:04.039 NotebookApp] Uploading file to /data/LHsamples_wider_100_AnnQonly.txt
[I 11:55:47.339 NotebookApp] Saving file at /hive_plots_drought_impacts.ipynb
[W 11:55:47.339 NotebookApp] Notebook hive_plots_drought_impacts.ipynb is not trusted
[I 11:57:46.578 NotebookApp] Saving file at /hive_plots_drought_impacts.ipynb
[W 11:57:46.578 NotebookApp] Notebook hive_plots_drought_impacts.ipynb is not trusted
[I 11:59:46.836 NotebookApp] Saving file at /hive_plots_drought_impacts.ipynb
[W 11:59:46.837 NotebookApp] Notebook hive_plots_drought_impacts.ipynb is not trusted
[I 12:01:46.576 NotebookApp] Saving file at /hive_plots_drought_impacts.ipynb
[W 12:01:46.577 NotebookApp] Notebook hive_plots_drought_impacts.ipynb is not trusted
[I 12:03:46.629 NotebookApp] Saving file at /hive_plots_drought_impacts.ipynb
[W 12:03:46.629 NotebookApp] Notebook hive_plots_drought_impacts.ipynb is not trusted
[I 12:05:47.339 NotebookApp] Saving file at /hive_plots_drought_impacts.ipynb
[W 12:05:47.339 NotebookApp] Notebook hive_plots_drought_impacts.ipynb is not trusted
[I 12:07:46.570 NotebookApp] Saving file at /hive_plots_drought_impacts.ipynb
[W 12:07:46.570 NotebookApp] Notebook hive_plots_drought_impacts.ipynb is not trusted
[I 12:09:46.530 NotebookApp] Saving file at /hive_plots_drought_impacts.ipynb
[W 12:09:46.530 NotebookApp] Notebook hive_plots_drought_impacts.ipynb is not trusted
[I 12:11:46.655 NotebookApp] Saving file at /hive_plots_drought_impacts.ipynb
[W 12:11:46.655 NotebookApp] Notebook hive_plots_drought_impacts.ipynb is not trusted
[I 12:23:47.137 NotebookApp] Saving file at /hive_plots_drought_impacts.ipynb
[W 12:23:47.137 NotebookApp] Notebook hive_plots_drought_impacts.ipynb is not trusted
[I 12:24:25.235 NotebookApp] Saving file at /drought_impacts_all_users_summary.ipynb
[W 12:24:25.510 NotebookApp] 404 GET /nbextensions/widgets/notebook/js/extension.js?v=20220810104104 (::1) 2.490000ms referer=http://localhost:8888/notebooks/drought_impacts.ipynb
[I 12:25:51.344 NotebookApp] Kernel interrupted: 84512053-6b71-4fa1-9a5b-a2837e6ca2eb
[I 12:26:25.082 NotebookApp] Saving file at /drought_impacts_all_users_summary.ipynb
[I 12:27:07.974 NotebookApp] Uploading file to /data/annual_outflow.txt
[I 12:30:27.004 NotebookApp] Saving file at /drought_impacts.ipynb
[I 12:34:26.864 NotebookApp] Saving file at /drought_impacts.ipynb
[W 12:35:25.147 NotebookApp] delete /data/annual_outflow.txt
[I 12:35:49.093 NotebookApp] Uploading file to /data/annual_outflow.txt
[I 12:36:27.429 NotebookApp] Saving file at /drought_impacts.ipynb
[I 12:38:26.759 NotebookApp] Saving file at /drought_impacts.ipynb
[I 12:38:36.526 NotebookApp] Saving file at /drought_impacts.ipynb
[I 12:40:25.206 NotebookApp] Saving file at /drought_impacts_all_users_summary.ipynb
[I 12:42:24.952 NotebookApp] Saving file at /drought_impacts_all_users_summary.ipynb
[I 12:44:25.060 NotebookApp] Saving file at /drought_impacts_all_users_summary.ipynb
[I 12:48:24.907 NotebookApp] Saving file at /drought_impacts_all_users_summary.ipynb
[I 12:50:24.984 NotebookApp] Saving file at /drought_impacts_all_users_summary.ipynb
[I 12:52:24.869 NotebookApp] Saving file at /drought_impacts_all_users_summary.ipynb
[I 12:53:18.539 NotebookApp] Saving file at /drought_impacts_all_users_summary.ipynb
[I 12:54:25.145 NotebookApp] Saving file at /drought_impacts_all_users_summary.ipynb
[I 12:56:24.863 NotebookApp] Saving file at /drought_impacts_all_users_summary.ipynb
[I 12:58:25.359 NotebookApp] Saving file at /drought_impacts_all_users_summary.ipynb
[I 12:59:47.492 NotebookApp] Saving file at /hive_plots_drought_impacts.ipynb
[W 12:59:47.493 NotebookApp] Notebook hive_plots_drought_impacts.ipynb is not trusted
[I 13:00:24.928 NotebookApp] Saving file at /drought_impacts_all_users_summary.ipynb
[I 13:04:25.177 NotebookApp] Saving file at /drought_impacts_all_users_summary.ipynb
[I 13:06:24.949 NotebookApp] Saving file at /drought_impacts_all_users_summary.ipynb
[I 13:08:24.897 NotebookApp] Saving file at /drought_impacts_all_users_summary.ipynb
[I 13:10:24.936 NotebookApp] Saving file at /drought_impacts_all_users_summary.ipynb
[I 13:12:24.882 NotebookApp] Saving file at /drought_impacts_all_users_summary.ipynb
[I 13:14:25.125 NotebookApp] Saving file at /drought_impacts_all_users_summary.ipynb
[IPKernelApp] ERROR | Exception in message handler:
Traceback (most recent call last):
  File "/home/fs02/pmr82_0001/ah986/rival_framings/lib64/python3.6/site-packages/ipykernel/kernelbase.py", line 261, in dispatch_shell
    yield gen.maybe_future(handler(stream, idents, msg))
  File "/home/fs02/pmr82_0001/ah986/rival_framings/lib64/python3.6/site-packages/tornado/gen.py", line 762, in run
    value = future.result()
  File "/home/fs02/pmr82_0001/ah986/rival_framings/lib64/python3.6/site-packages/tornado/gen.py", line 234, in wrapper
    yielded = ctx_run(next, result)
  File "/home/fs02/pmr82_0001/ah986/rival_framings/lib64/python3.6/site-packages/contextvars/__init__.py", line 38, in run
    return callable(*args, **kwargs)
  File "/home/fs02/pmr82_0001/ah986/rival_framings/lib64/python3.6/site-packages/ipykernel/kernelbase.py", line 579, in complete_request
    matches = yield gen.maybe_future(self.do_complete(code, cursor_pos))
  File "/home/fs02/pmr82_0001/ah986/rival_framings/lib64/python3.6/site-packages/ipykernel/ipkernel.py", line 356, in do_complete
    return self._experimental_do_complete(code, cursor_pos)
  File "/home/fs02/pmr82_0001/ah986/rival_framings/lib64/python3.6/site-packages/ipykernel/ipkernel.py", line 381, in _experimental_do_complete
    completions = list(_rectify_completions(code, raw_completions))
  File "/home/fs02/pmr82_0001/ah986/rival_framings/lib64/python3.6/site-packages/IPython/core/completer.py", line 484, in rectify_completions
    completions = list(completions)
  File "/home/fs02/pmr82_0001/ah986/rival_framings/lib64/python3.6/site-packages/IPython/core/completer.py", line 1818, in completions
    for c in self._completions(text, offset, _timeout=self.jedi_compute_type_timeout/1000):
  File "/home/fs02/pmr82_0001/ah986/rival_framings/lib64/python3.6/site-packages/IPython/core/completer.py", line 1862, in _completions
    full_text=full_text, cursor_line=cursor_line, cursor_pos=cursor_column)
  File "/home/fs02/pmr82_0001/ah986/rival_framings/lib64/python3.6/site-packages/IPython/core/completer.py", line 2030, in _complete
    cursor_pos, cursor_line, full_text)
  File "/home/fs02/pmr82_0001/ah986/rival_framings/lib64/python3.6/site-packages/IPython/core/completer.py", line 1374, in _jedi_matches
    text[:offset], namespaces, column=cursor_column, line=cursor_line + 1)
  File "/home/fs02/pmr82_0001/ah986/rival_framings/lib64/python3.6/site-packages/jedi/api/__init__.py", line 726, in __init__
    project=Project(Path.cwd()), **kwds)
TypeError: __init__() got an unexpected keyword argument 'column'
[I 13:16:24.861 NotebookApp] Saving file at /drought_impacts_all_users_summary.ipynb
[I 13:18:24.976 NotebookApp] Saving file at /drought_impacts_all_users_summary.ipynb
[I 13:20:25.088 NotebookApp] Saving file at /drought_impacts_all_users_summary.ipynb
[I 13:22:25.077 NotebookApp] Saving file at /drought_impacts_all_users_summary.ipynb
[I 13:24:25.111 NotebookApp] Saving file at /drought_impacts_all_users_summary.ipynb
[I 13:24:52.529 NotebookApp] Starting buffering for 558803af-07ae-4d25-8ba8-9b594cc72fac:f8d8911c23954e84828566818d560881
[I 13:24:52.585 NotebookApp] Starting buffering for 84512053-6b71-4fa1-9a5b-a2837e6ca2eb:0b62f4ded33d4b2d851236a2a32fe26b
[I 13:24:52.627 NotebookApp] Starting buffering for 78114211-8ec3-48ef-9da8-89926fa3a88d:bf3499dab3f144248d428f4020d4d117
[I 13:24:53.727 NotebookApp] Restoring connection for 84512053-6b71-4fa1-9a5b-a2837e6ca2eb:0b62f4ded33d4b2d851236a2a32fe26b
[I 13:24:53.841 NotebookApp] Restoring connection for 558803af-07ae-4d25-8ba8-9b594cc72fac:f8d8911c23954e84828566818d560881
[I 13:24:53.987 NotebookApp] Restoring connection for 78114211-8ec3-48ef-9da8-89926fa3a88d:bf3499dab3f144248d428f4020d4d117
[W 13:26:23.728 NotebookApp] WebSocket ping timeout after 90001 ms.
[W 13:26:23.841 NotebookApp] WebSocket ping timeout after 90000 ms.
[W 13:26:23.988 NotebookApp] WebSocket ping timeout after 90000 ms.
[I 13:26:28.731 NotebookApp] Starting buffering for 84512053-6b71-4fa1-9a5b-a2837e6ca2eb:0b62f4ded33d4b2d851236a2a32fe26b
[I 13:26:28.843 NotebookApp] Starting buffering for 558803af-07ae-4d25-8ba8-9b594cc72fac:f8d8911c23954e84828566818d560881
[I 13:26:28.990 NotebookApp] Starting buffering for 78114211-8ec3-48ef-9da8-89926fa3a88d:bf3499dab3f144248d428f4020d4d117
[I 13:33:51.470 NotebookApp] Saving file at /drought_impacts_all_users_summary.ipynb
[I 13:33:52.203 NotebookApp] Restoring connection for 84512053-6b71-4fa1-9a5b-a2837e6ca2eb:0b62f4ded33d4b2d851236a2a32fe26b
[I 13:33:52.652 NotebookApp] Restoring connection for 558803af-07ae-4d25-8ba8-9b594cc72fac:f8d8911c23954e84828566818d560881
[I 13:33:52.800 NotebookApp] Restoring connection for 78114211-8ec3-48ef-9da8-89926fa3a88d:bf3499dab3f144248d428f4020d4d117
[I 14:33:00.560 NotebookApp] Kernel interrupted: 84512053-6b71-4fa1-9a5b-a2837e6ca2eb
[I 14:36:31.866 NotebookApp] Saving file at /drought_impacts_all_users_summary.ipynb
[I 14:44:21.601 NotebookApp] Saving file at /drought_impacts_all_users_summary.ipynb
[I 14:52:11.971 NotebookApp] Saving file at /drought_impacts_all_users_summary.ipynb
[I 15:00:01.595 NotebookApp] Saving file at /drought_impacts_all_users_summary.ipynb
[I 15:07:51.604 NotebookApp] Saving file at /drought_impacts_all_users_summary.ipynb
[I 15:15:41.948 NotebookApp] Saving file at /drought_impacts_all_users_summary.ipynb
[W 15:22:46.218 NotebookApp] Notebook streamflow_distribution_changes.ipynb is not trusted
[W 15:22:46.246 NotebookApp] 404 GET /nbextensions/widgets/notebook/js/extension.js?v=20220810104104 (::1) 3.140000ms referer=http://localhost:8888/notebooks/streamflow_distribution_changes.ipynb
[I 15:23:32.776 NotebookApp] Saving file at /drought_impacts_all_users_summary.ipynb
[I 15:31:21.943 NotebookApp] Saving file at /drought_impacts_all_users_summary.ipynb
[I 15:39:11.617 NotebookApp] Saving file at /drought_impacts_all_users_summary.ipynb
[I 16:34:01.708 NotebookApp] Saving file at /drought_impacts_all_users_summary.ipynb
[I 16:41:51.691 NotebookApp] Saving file at /drought_impacts_all_users_summary.ipynb
[I 16:49:41.530 NotebookApp] Saving file at /drought_impacts_all_users_summary.ipynb
[I 16:57:31.515 NotebookApp] Saving file at /drought_impacts_all_users_summary.ipynb
[I 17:05:21.498 NotebookApp] Saving file at /drought_impacts_all_users_summary.ipynb
[I 17:13:11.602 NotebookApp] Saving file at /drought_impacts_all_users_summary.ipynb
[I 17:21:01.597 NotebookApp] Saving file at /drought_impacts_all_users_summary.ipynb
[I 17:28:51.538 NotebookApp] Saving file at /drought_impacts_all_users_summary.ipynb
[I 17:34:17.720 NotebookApp] Kernel interrupted: 84512053-6b71-4fa1-9a5b-a2837e6ca2eb
[I 17:36:41.441 NotebookApp] Saving file at /drought_impacts_all_users_summary.ipynb
[I 17:44:27.010 NotebookApp] Saving file at /hive_plots_drought_impacts.ipynb
[W 17:44:27.010 NotebookApp] Notebook hive_plots_drought_impacts.ipynb is not trusted
[I 17:44:32.733 NotebookApp] Saving file at /drought_impacts_all_users_summary.ipynb
[I 17:46:26.947 NotebookApp] Saving file at /hive_plots_drought_impacts.ipynb
[W 17:46:26.948 NotebookApp] Notebook hive_plots_drought_impacts.ipynb is not trusted
[I 17:48:26.934 NotebookApp] Saving file at /hive_plots_drought_impacts.ipynb
[W 17:48:26.934 NotebookApp] Notebook hive_plots_drought_impacts.ipynb is not trusted
[I 17:50:26.880 NotebookApp] Saving file at /hive_plots_drought_impacts.ipynb
[W 17:50:26.881 NotebookApp] Notebook hive_plots_drought_impacts.ipynb is not trusted
[I 17:52:23.044 NotebookApp] Saving file at /drought_impacts_all_users_summary.ipynb
[I 17:52:28.034 NotebookApp] Saving file at /hive_plots_drought_impacts.ipynb
[W 17:52:28.035 NotebookApp] Notebook hive_plots_drought_impacts.ipynb is not trusted
[I 17:54:27.376 NotebookApp] Saving file at /hive_plots_drought_impacts.ipynb
[W 17:54:27.376 NotebookApp] Notebook hive_plots_drought_impacts.ipynb is not trusted
[I 17:58:27.303 NotebookApp] Saving file at /hive_plots_drought_impacts.ipynb
[W 17:58:27.303 NotebookApp] Notebook hive_plots_drought_impacts.ipynb is not trusted
[I 18:00:12.558 NotebookApp] Saving file at /drought_impacts_all_users_summary.ipynb
[I 18:00:26.977 NotebookApp] Saving file at /hive_plots_drought_impacts.ipynb
[W 18:00:26.977 NotebookApp] Notebook hive_plots_drought_impacts.ipynb is not trusted
[I 18:02:27.089 NotebookApp] Saving file at /hive_plots_drought_impacts.ipynb
[W 18:02:27.089 NotebookApp] Notebook hive_plots_drought_impacts.ipynb is not trusted
[I 18:04:26.916 NotebookApp] Saving file at /hive_plots_drought_impacts.ipynb
[W 18:04:26.916 NotebookApp] Notebook hive_plots_drought_impacts.ipynb is not trusted
[I 18:06:27.226 NotebookApp] Saving file at /hive_plots_drought_impacts.ipynb
[W 18:06:27.226 NotebookApp] Notebook hive_plots_drought_impacts.ipynb is not trusted
[I 18:08:02.427 NotebookApp] Saving file at /drought_impacts_all_users_summary.ipynb
[I 18:08:26.871 NotebookApp] Saving file at /hive_plots_drought_impacts.ipynb
[W 18:08:26.871 NotebookApp] Notebook hive_plots_drought_impacts.ipynb is not trusted
[I 18:12:26.925 NotebookApp] Saving file at /hive_plots_drought_impacts.ipynb
[W 18:12:26.926 NotebookApp] Notebook hive_plots_drought_impacts.ipynb is not trusted
[IPKernelApp] ERROR | Exception in message handler:
Traceback (most recent call last):
  File "/home/fs02/pmr82_0001/ah986/rival_framings/lib64/python3.6/site-packages/ipykernel/kernelbase.py", line 261, in dispatch_shell
    yield gen.maybe_future(handler(stream, idents, msg))
  File "/home/fs02/pmr82_0001/ah986/rival_framings/lib64/python3.6/site-packages/tornado/gen.py", line 762, in run
    value = future.result()
  File "/home/fs02/pmr82_0001/ah986/rival_framings/lib64/python3.6/site-packages/tornado/gen.py", line 234, in wrapper
    yielded = ctx_run(next, result)
  File "/home/fs02/pmr82_0001/ah986/rival_framings/lib64/python3.6/site-packages/contextvars/__init__.py", line 38, in run
    return callable(*args, **kwargs)
  File "/home/fs02/pmr82_0001/ah986/rival_framings/lib64/python3.6/site-packages/ipykernel/kernelbase.py", line 579, in complete_request
    matches = yield gen.maybe_future(self.do_complete(code, cursor_pos))
  File "/home/fs02/pmr82_0001/ah986/rival_framings/lib64/python3.6/site-packages/ipykernel/ipkernel.py", line 356, in do_complete
    return self._experimental_do_complete(code, cursor_pos)
  File "/home/fs02/pmr82_0001/ah986/rival_framings/lib64/python3.6/site-packages/ipykernel/ipkernel.py", line 381, in _experimental_do_complete
    completions = list(_rectify_completions(code, raw_completions))
  File "/home/fs02/pmr82_0001/ah986/rival_framings/lib64/python3.6/site-packages/IPython/core/completer.py", line 484, in rectify_completions
    completions = list(completions)
  File "/home/fs02/pmr82_0001/ah986/rival_framings/lib64/python3.6/site-packages/IPython/core/completer.py", line 1818, in completions
    for c in self._completions(text, offset, _timeout=self.jedi_compute_type_timeout/1000):
  File "/home/fs02/pmr82_0001/ah986/rival_framings/lib64/python3.6/site-packages/IPython/core/completer.py", line 1862, in _completions
    full_text=full_text, cursor_line=cursor_line, cursor_pos=cursor_column)
  File "/home/fs02/pmr82_0001/ah986/rival_framings/lib64/python3.6/site-packages/IPython/core/completer.py", line 2030, in _complete
    cursor_pos, cursor_line, full_text)
  File "/home/fs02/pmr82_0001/ah986/rival_framings/lib64/python3.6/site-packages/IPython/core/completer.py", line 1374, in _jedi_matches
    text[:offset], namespaces, column=cursor_column, line=cursor_line + 1)
  File "/home/fs02/pmr82_0001/ah986/rival_framings/lib64/python3.6/site-packages/jedi/api/__init__.py", line 726, in __init__
    project=Project(Path.cwd()), **kwds)
TypeError: __init__() got an unexpected keyword argument 'column'
[I 18:14:26.955 NotebookApp] Saving file at /hive_plots_drought_impacts.ipynb
[W 18:14:26.955 NotebookApp] Notebook hive_plots_drought_impacts.ipynb is not trusted
[I 18:15:52.524 NotebookApp] Saving file at /drought_impacts_all_users_summary.ipynb
[I 18:16:27.225 NotebookApp] Saving file at /hive_plots_drought_impacts.ipynb
[W 18:16:27.225 NotebookApp] Notebook hive_plots_drought_impacts.ipynb is not trusted
[I 18:18:26.905 NotebookApp] Saving file at /hive_plots_drought_impacts.ipynb
[W 18:18:26.906 NotebookApp] Notebook hive_plots_drought_impacts.ipynb is not trusted
[I 18:20:26.911 NotebookApp] Saving file at /hive_plots_drought_impacts.ipynb
[W 18:20:26.912 NotebookApp] Notebook hive_plots_drought_impacts.ipynb is not trusted
[I 18:22:27.137 NotebookApp] Saving file at /hive_plots_drought_impacts.ipynb
[W 18:22:27.137 NotebookApp] Notebook hive_plots_drought_impacts.ipynb is not trusted
[I 18:23:42.245 NotebookApp] Saving file at /drought_impacts_all_users_summary.ipynb
[I 18:24:26.884 NotebookApp] Saving file at /hive_plots_drought_impacts.ipynb
[I 18:26:26.978 NotebookApp] Saving file at /hive_plots_drought_impacts.ipynb
[I 18:28:27.362 NotebookApp] Saving file at /hive_plots_drought_impacts.ipynb
[I 18:30:27.392 NotebookApp] Saving file at /hive_plots_drought_impacts.ipynb
[I 18:31:32.876 NotebookApp] Saving file at /drought_impacts_all_users_summary.ipynb
[I 18:32:27.059 NotebookApp] Saving file at /hive_plots_drought_impacts.ipynb
[I 18:34:27.042 NotebookApp] Saving file at /hive_plots_drought_impacts.ipynb
[I 18:36:26.933 NotebookApp] Saving file at /hive_plots_drought_impacts.ipynb
[I 18:38:27.153 NotebookApp] Saving file at /hive_plots_drought_impacts.ipynb
[I 18:39:42.242 NotebookApp] Saving file at /drought_impacts_all_users_summary.ipynb
[I 18:40:27.443 NotebookApp] Saving file at /hive_plots_drought_impacts.ipynb
srun: Job step aborted: Waiting up to 32 seconds for job step to finish.
slurmstepd: error: *** JOB 21124 ON c0001 CANCELLED AT 2022-08-10T18:41:11 DUE TO TIME LIMIT ***
slurmstepd: error: *** STEP 21124.0 ON c0001 CANCELLED AT 2022-08-10T18:41:11 DUE TO TIME LIMIT ***
[C 18:41:11.951 NotebookApp] received signal 15, stopping
srun: got SIGCONT
srun: forcing job termination
[C 18:41:11.954 NotebookApp] received signal 15, stopping
[I 18:41:11.954 NotebookApp] Shutting down 4 kernels
[I 18:41:11.955 NotebookApp] Kernel shutdown: 78114211-8ec3-48ef-9da8-89926fa3a88d
connect_to localhost port 18422: failed.
connect_to localhost port 18422: failed.
connect_to localhost port 18422: failed.
connect_to localhost port 18422: failed.
