[W 2022-09-15 14:28:00.205 LabApp] 'port' has moved from NotebookApp to ServerApp. This config will be passed to ServerApp. Be sure to update your config before our next release.
[W 2022-09-15 14:28:00.205 LabApp] 'port' has moved from NotebookApp to ServerApp. This config will be passed to ServerApp. Be sure to update your config before our next release.
[W 2022-09-15 14:28:00.205 LabApp] 'port' has moved from NotebookApp to ServerApp. This config will be passed to ServerApp. Be sure to update your config before our next release.
[W 2022-09-15 14:28:00.205 LabApp] 'port' has moved from NotebookApp to ServerApp. This config will be passed to ServerApp. Be sure to update your config before our next release.
[I 2022-09-15 14:28:00.208 LabApp] JupyterLab extension loaded from /home/fs02/pmr82_0001/ah986/rival_framings/lib64/python3.6/site-packages/jupyterlab
[I 2022-09-15 14:28:00.208 LabApp] JupyterLab application directory is /home/fs02/pmr82_0001/ah986/rival_framings/share/jupyter/lab
[I 14:28:00.212 NotebookApp] Serving notebooks from local directory: /home/fs02/pmr82_0001/ah986/drought_classification
[I 14:28:00.212 NotebookApp] Jupyter Notebook 6.4.5 is running at:
[I 14:28:00.212 NotebookApp] http://localhost:18087/?token=74517187468643cdc5ae43f5a7218442ea1942d169c0618d
[I 14:28:00.212 NotebookApp]  or http://127.0.0.1:18087/?token=74517187468643cdc5ae43f5a7218442ea1942d169c0618d
[I 14:28:00.212 NotebookApp] Use Control-C to stop this server and shut down all kernels (twice to skip confirmation).
[C 14:28:00.217 NotebookApp] 
    
    To access the notebook, open this file in a browser:
        file:///home/fs02/pmr82_0001/ah986/.local/share/jupyter/runtime/nbserver-2539736-open.html
    Or copy and paste one of these URLs:
        http://localhost:18087/?token=74517187468643cdc5ae43f5a7218442ea1942d169c0618d
     or http://127.0.0.1:18087/?token=74517187468643cdc5ae43f5a7218442ea1942d169c0618d
[I 14:28:47.835 NotebookApp] 302 GET /?token=74517187468643cdc5ae43f5a7218442ea1942d169c0618d (::1) 0.390000ms
[W 14:28:52.430 NotebookApp] Notebook hive_plots_drought_impacts-non_stationary.ipynb is not trusted
[W 14:28:52.451 NotebookApp] 404 GET /nbextensions/widgets/notebook/js/extension.js?v=20220915142759 (::1) 5.560000ms referer=http://localhost:8888/notebooks/hive_plots_drought_impacts-non_stationary.ipynb
[I 14:28:52.759 NotebookApp] Kernel started: 403c34eb-d712-4d56-b607-ecfdc041f8e6, name: python3
[I 14:30:53.166 NotebookApp] Saving file at /hive_plots_drought_impacts-non_stationary.ipynb
[I 15:42:25.244 NotebookApp] Starting buffering for 403c34eb-d712-4d56-b607-ecfdc041f8e6:2792f2e1b8224a809745ca60181f17b1
srun: Job step aborted: Waiting up to 32 seconds for job step to finish.
srun: got SIGCONT
slurmstepd: error: *** JOB 22006 ON c0001 CANCELLED AT 2022-09-15T16:01:44 ***
slurmstepd: error: *** STEP 22006.0 ON c0001 CANCELLED AT 2022-09-15T16:01:44 ***
srun: forcing job termination
[C 16:01:44.441 NotebookApp] received signal 15, stopping
[I 16:01:44.443 NotebookApp] Shutting down 1 kernel
[I 16:01:44.443 NotebookApp] Kernel shutdown: 403c34eb-d712-4d56-b607-ecfdc041f8e6
