[W 2022-09-08 09:26:37.329 LabApp] 'port' has moved from NotebookApp to ServerApp. This config will be passed to ServerApp. Be sure to update your config before our next release.
[W 2022-09-08 09:26:37.329 LabApp] 'port' has moved from NotebookApp to ServerApp. This config will be passed to ServerApp. Be sure to update your config before our next release.
[W 2022-09-08 09:26:37.329 LabApp] 'port' has moved from NotebookApp to ServerApp. This config will be passed to ServerApp. Be sure to update your config before our next release.
[W 2022-09-08 09:26:37.329 LabApp] 'port' has moved from NotebookApp to ServerApp. This config will be passed to ServerApp. Be sure to update your config before our next release.
[I 2022-09-08 09:26:37.332 LabApp] JupyterLab extension loaded from /home/fs02/pmr82_0001/ah986/rival_framings/lib64/python3.6/site-packages/jupyterlab
[I 2022-09-08 09:26:37.332 LabApp] JupyterLab application directory is /home/fs02/pmr82_0001/ah986/rival_framings/share/jupyter/lab
[I 09:26:37.336 NotebookApp] Serving notebooks from local directory: /home/fs02/pmr82_0001/ah986/drought_classification
[I 09:26:37.336 NotebookApp] Jupyter Notebook 6.4.5 is running at:
[I 09:26:37.336 NotebookApp] http://localhost:18420/?token=a7eab89f5f5de35bdecbbc3fffaa3c327eadadddf96ac90b
[I 09:26:37.336 NotebookApp]  or http://127.0.0.1:18420/?token=a7eab89f5f5de35bdecbbc3fffaa3c327eadadddf96ac90b
[I 09:26:37.336 NotebookApp] Use Control-C to stop this server and shut down all kernels (twice to skip confirmation).
[C 09:26:37.342 NotebookApp] 
    
    To access the notebook, open this file in a browser:
        file:///home/fs02/pmr82_0001/ah986/.local/share/jupyter/runtime/nbserver-2444785-open.html
    Or copy and paste one of these URLs:
        http://localhost:18420/?token=a7eab89f5f5de35bdecbbc3fffaa3c327eadadddf96ac90b
     or http://127.0.0.1:18420/?token=a7eab89f5f5de35bdecbbc3fffaa3c327eadadddf96ac90b
[I 09:31:18.558 NotebookApp] 302 GET /?token=a7eab89f5f5de35bdecbbc3fffaa3c327eadadddf96ac90b (::1) 0.440000ms
[W 09:31:30.924 NotebookApp] 404 GET /nbextensions/widgets/notebook/js/extension.js?v=20220908092636 (::1) 7.110000ms referer=http://localhost:8888/notebooks/drought_impacts_all_users_summary.ipynb
[I 09:31:31.189 NotebookApp] Kernel started: 3423e07c-bf7d-4529-8a85-959d50c0f205, name: python3
Exception in callback <TaskStepMethWrapper object at 0x153052a34860>()
handle: <Handle <TaskStepMethWrapper object at 0x153052a34860>()>
Traceback (most recent call last):
  File "/usr/lib64/python3.6/asyncio/events.py", line 145, in _run
    self._callback(*self._args)
KeyError: <_UnixSelectorEventLoop running=True closed=False debug=False>
[W 09:31:38.933 NotebookApp] Notebook hive_plots_drought_impacts.ipynb is not trusted
[W 09:31:38.943 NotebookApp] 404 GET /nbextensions/widgets/notebook/js/extension.js?v=20220908092636 (::1) 1.640000ms referer=http://localhost:8888/notebooks/hive_plots_drought_impacts.ipynb
[I 09:31:39.203 NotebookApp] Kernel started: 33ed72bd-bf27-49bc-afea-e3cba1ea65eb, name: python3
[I 09:39:39.332 NotebookApp] Saving file at /hive_plots_drought_impacts.ipynb
[W 09:39:39.333 NotebookApp] Notebook hive_plots_drought_impacts.ipynb is not trusted
[I 09:55:39.280 NotebookApp] Saving file at /hive_plots_drought_impacts.ipynb
[W 09:55:39.280 NotebookApp] Notebook hive_plots_drought_impacts.ipynb is not trusted
[I 09:57:39.214 NotebookApp] Saving file at /hive_plots_drought_impacts.ipynb
[I 09:59:42.946 NotebookApp] Saving file at /hive_plots_drought_impacts.ipynb
[I 10:03:46.439 NotebookApp] Saving file at /hive_plots_drought_impacts.ipynb
[I 10:17:39.219 NotebookApp] Saving file at /hive_plots_drought_impacts.ipynb
[I 10:19:40.050 NotebookApp] Saving file at /hive_plots_drought_impacts.ipynb
[I 10:21:39.188 NotebookApp] Saving file at /hive_plots_drought_impacts.ipynb
[I 10:23:39.190 NotebookApp] Saving file at /hive_plots_drought_impacts.ipynb
[I 10:25:39.199 NotebookApp] Saving file at /hive_plots_drought_impacts.ipynb
[I 10:27:39.199 NotebookApp] Saving file at /hive_plots_drought_impacts.ipynb
[I 10:29:39.200 NotebookApp] Saving file at /hive_plots_drought_impacts.ipynb
[I 10:31:39.184 NotebookApp] Saving file at /hive_plots_drought_impacts.ipynb
[I 10:33:39.189 NotebookApp] Saving file at /hive_plots_drought_impacts.ipynb
[I 10:35:39.196 NotebookApp] Saving file at /hive_plots_drought_impacts.ipynb
[I 11:17:41.057 NotebookApp] Saving file at /hive_plots_drought_impacts.ipynb
[I 11:19:53.159 NotebookApp] Saving file at /hive_plots_drought_impacts.ipynb
[I 11:21:45.869 NotebookApp] Saving file at /hive_plots_drought_impacts.ipynb
[I 11:23:39.144 NotebookApp] Saving file at /hive_plots_drought_impacts.ipynb
[I 11:25:39.138 NotebookApp] Saving file at /hive_plots_drought_impacts.ipynb
[I 11:27:39.151 NotebookApp] Saving file at /hive_plots_drought_impacts.ipynb
[I 11:29:39.152 NotebookApp] Saving file at /hive_plots_drought_impacts.ipynb
[I 11:31:39.152 NotebookApp] Saving file at /hive_plots_drought_impacts.ipynb
[I 11:35:39.149 NotebookApp] Saving file at /hive_plots_drought_impacts.ipynb
[I 11:37:39.143 NotebookApp] Saving file at /hive_plots_drought_impacts.ipynb
[I 11:39:40.600 NotebookApp] Saving file at /hive_plots_drought_impacts.ipynb
[I 11:53:44.760 NotebookApp] Copying hive_plots_drought_impacts.ipynb to 
[W 11:53:44.788 NotebookApp] Notebook hive_plots_drought_impacts.ipynb is not trusted
[W 11:53:44.798 NotebookApp] Notebook hive_plots_drought_impacts-Copy1.ipynb is not trusted
[W 11:54:00.368 NotebookApp] Notebook hive_plots_drought_impacts-non_stationary.ipynb is not trusted
[W 11:54:00.383 NotebookApp] 404 GET /nbextensions/widgets/notebook/js/extension.js?v=20220908092636 (::1) 2.440000ms referer=http://localhost:8888/notebooks/hive_plots_drought_impacts-non_stationary.ipynb
[I 11:54:00.672 NotebookApp] Kernel started: 425aa596-55f3-42f2-ac26-288570af6692, name: python3
[I 11:56:00.706 NotebookApp] Saving file at /hive_plots_drought_impacts-non_stationary.ipynb
[W 11:56:00.706 NotebookApp] Notebook hive_plots_drought_impacts-non_stationary.ipynb is not trusted
[I 11:58:00.689 NotebookApp] Saving file at /hive_plots_drought_impacts-non_stationary.ipynb
[W 11:58:00.689 NotebookApp] Notebook hive_plots_drought_impacts-non_stationary.ipynb is not trusted
[I 12:00:00.709 NotebookApp] Saving file at /hive_plots_drought_impacts-non_stationary.ipynb
[W 12:00:00.709 NotebookApp] Notebook hive_plots_drought_impacts-non_stationary.ipynb is not trusted
[I 12:09:30.126 NotebookApp] Starting buffering for 425aa596-55f3-42f2-ac26-288570af6692:ed6bfe57f620484dba84ece6e9cfdd7d
[I 12:09:30.126 NotebookApp] Starting buffering for 3423e07c-bf7d-4529-8a85-959d50c0f205:b3d2968748ba46548c4f5a6e2801e390
[I 12:09:30.126 NotebookApp] Starting buffering for 33ed72bd-bf27-49bc-afea-e3cba1ea65eb:bee76b5f0029469799cdf2c0603aeeb7
[I 12:09:32.687 NotebookApp] Restoring connection for 33ed72bd-bf27-49bc-afea-e3cba1ea65eb:bee76b5f0029469799cdf2c0603aeeb7
[I 12:09:32.756 NotebookApp] Restoring connection for 425aa596-55f3-42f2-ac26-288570af6692:ed6bfe57f620484dba84ece6e9cfdd7d
[I 12:09:32.824 NotebookApp] Restoring connection for 3423e07c-bf7d-4529-8a85-959d50c0f205:b3d2968748ba46548c4f5a6e2801e390
[W 12:11:02.688 NotebookApp] WebSocket ping timeout after 90001 ms.
[W 12:11:02.758 NotebookApp] WebSocket ping timeout after 90001 ms.
[W 12:11:02.826 NotebookApp] WebSocket ping timeout after 90001 ms.
[I 12:11:07.691 NotebookApp] Starting buffering for 33ed72bd-bf27-49bc-afea-e3cba1ea65eb:bee76b5f0029469799cdf2c0603aeeb7
[I 12:11:07.759 NotebookApp] Starting buffering for 425aa596-55f3-42f2-ac26-288570af6692:ed6bfe57f620484dba84ece6e9cfdd7d
[I 12:11:07.828 NotebookApp] Starting buffering for 3423e07c-bf7d-4529-8a85-959d50c0f205:b3d2968748ba46548c4f5a6e2801e390
srun: Job step aborted: Waiting up to 32 seconds for job step to finish.
slurmstepd: error: *** JOB 21898 ON c0001 CANCELLED AT 2022-09-08T17:26:34 DUE TO TIME LIMIT ***
slurmstepd: error: *** STEP 21898.0 ON c0001 CANCELLED AT 2022-09-08T17:26:34 DUE TO TIME LIMIT ***
[C 17:26:34.349 NotebookApp] received signal 15, stopping
srun: got SIGCONT
srun: forcing job termination
[C 17:26:34.350 NotebookApp] received signal 15, stopping
[I 17:26:34.350 NotebookApp] Shutting down 3 kernels
[I 17:26:34.351 NotebookApp] Kernel shutdown: 3423e07c-bf7d-4529-8a85-959d50c0f205
