[W 2022-08-08 15:41:37.935 LabApp] 'port' has moved from NotebookApp to ServerApp. This config will be passed to ServerApp. Be sure to update your config before our next release.
[W 2022-08-08 15:41:37.935 LabApp] 'port' has moved from NotebookApp to ServerApp. This config will be passed to ServerApp. Be sure to update your config before our next release.
[W 2022-08-08 15:41:37.935 LabApp] 'port' has moved from NotebookApp to ServerApp. This config will be passed to ServerApp. Be sure to update your config before our next release.
[W 2022-08-08 15:41:37.935 LabApp] 'port' has moved from NotebookApp to ServerApp. This config will be passed to ServerApp. Be sure to update your config before our next release.
[I 2022-08-08 15:41:37.938 LabApp] JupyterLab extension loaded from /home/fs02/pmr82_0001/ah986/rival_framings/lib64/python3.6/site-packages/jupyterlab
[I 2022-08-08 15:41:37.938 LabApp] JupyterLab application directory is /home/fs02/pmr82_0001/ah986/rival_framings/share/jupyter/lab
[I 15:41:37.942 NotebookApp] Serving notebooks from local directory: /home/fs02/pmr82_0001/ah986/drought_classification
[I 15:41:37.942 NotebookApp] Jupyter Notebook 6.4.5 is running at:
[I 15:41:37.942 NotebookApp] http://localhost:18464/?token=3ed80ff1945a02ca23b9988479b48ad0eed5089345ae309c
[I 15:41:37.942 NotebookApp]  or http://127.0.0.1:18464/?token=3ed80ff1945a02ca23b9988479b48ad0eed5089345ae309c
[I 15:41:37.942 NotebookApp] Use Control-C to stop this server and shut down all kernels (twice to skip confirmation).
[C 15:41:37.948 NotebookApp] 
    
    To access the notebook, open this file in a browser:
        file:///home/fs02/pmr82_0001/ah986/.local/share/jupyter/runtime/nbserver-3813059-open.html
    Or copy and paste one of these URLs:
        http://localhost:18464/?token=3ed80ff1945a02ca23b9988479b48ad0eed5089345ae309c
     or http://127.0.0.1:18464/?token=3ed80ff1945a02ca23b9988479b48ad0eed5089345ae309c
[I 15:42:22.844 NotebookApp] 302 GET /?token=3ed80ff1945a02ca23b9988479b48ad0eed5089345ae309c (::1) 0.360000ms
[W 15:42:59.907 NotebookApp] Notebook streamflow_distribution_changes.ipynb is not trusted
[W 15:42:59.926 NotebookApp] 404 GET /nbextensions/widgets/notebook/js/extension.js?v=20220808154135 (::1) 6.400000ms referer=http://localhost:8888/notebooks/streamflow_distribution_changes.ipynb
[I 15:43:00.660 NotebookApp] Kernel started: c9d8e5d7-5c3e-463c-86be-3fefbea4b174, name: python3
Exception in callback <TaskStepMethWrapper object at 0x15203f79e5f8>()
handle: <Handle <TaskStepMethWrapper object at 0x15203f79e5f8>()>
Traceback (most recent call last):
  File "/usr/lib64/python3.6/asyncio/events.py", line 145, in _run
    self._callback(*self._args)
KeyError: <_UnixSelectorEventLoop running=True closed=False debug=False>
[I 15:45:01.034 NotebookApp] Saving file at /streamflow_distribution_changes.ipynb
[W 15:45:01.034 NotebookApp] Notebook streamflow_distribution_changes.ipynb is not trusted
[I 15:47:01.015 NotebookApp] Saving file at /streamflow_distribution_changes.ipynb
[I 16:27:01.066 NotebookApp] Saving file at /streamflow_distribution_changes.ipynb
[I 17:36:57.588 NotebookApp] Starting buffering for c9d8e5d7-5c3e-463c-86be-3fefbea4b174:9b23c38d444049489195e6846144a0cd
[W 17:37:03.862 NotebookApp] Notebook streamflow_distribution_changes.ipynb is not trusted
[W 17:37:03.895 NotebookApp] 404 GET /nbextensions/widgets/notebook/js/extension.js?v=20220808154135 (::1) 1.730000ms referer=http://localhost:8888/notebooks/streamflow_distribution_changes.ipynb
[I 17:37:05.700 NotebookApp] 302 GET / (::1) 0.290000ms
[I 17:37:05.983 NotebookApp] Starting buffering for c9d8e5d7-5c3e-463c-86be-3fefbea4b174:20d48251f329464887fb8f98f5630aeb
[W 17:37:32.219 NotebookApp] delete /jupyter-20213.err
[W 17:37:32.252 NotebookApp] delete /jupyter-20905.err
[W 17:37:32.255 NotebookApp] delete /jupyter-20905.log
[W 17:37:32.256 NotebookApp] delete /jupyter-20213.log
[W 17:37:32.257 NotebookApp] delete /jupyter-20973.log
[W 17:37:32.259 NotebookApp] delete /jupyter-20973.err
[W 17:37:32.308 NotebookApp] delete /jupyter-20979.err
[W 17:37:32.369 NotebookApp] delete /jupyter-20979.log
[W 17:37:35.628 NotebookApp] Notebook hive_plots_drought_impacts.ipynb is not trusted
[W 17:37:35.676 NotebookApp] 404 GET /nbextensions/widgets/notebook/js/extension.js?v=20220808154135 (::1) 1.130000ms referer=http://localhost:8888/notebooks/hive_plots_drought_impacts.ipynb
[I 17:37:36.077 NotebookApp] Kernel started: 99cf0578-402d-4d39-91eb-cd2b24a6511b, name: python3
[W 17:38:04.822 NotebookApp] 404 GET /nbextensions/widgets/notebook/js/extension.js?v=20220808154135 (::1) 1.600000ms referer=http://localhost:8888/notebooks/drought_impacts_all_users_summary.ipynb
[I 17:38:05.150 NotebookApp] Kernel started: 0112d7a5-ccc9-4544-b680-7bc5c8cc7e18, name: python3
[I 17:38:29.641 NotebookApp] Starting buffering for 99cf0578-402d-4d39-91eb-cd2b24a6511b:66b3acc3c0e94a7b8072b2f5cd9d5749
[I 17:38:29.655 NotebookApp] Starting buffering for 0112d7a5-ccc9-4544-b680-7bc5c8cc7e18:a7e0e3a8c4a347aa9b4442c89571fb46
srun: Job step aborted: Waiting up to 32 seconds for job step to finish.
slurmstepd: error: *** STEP 21001.0 ON c0017 CANCELLED AT 2022-08-08T23:41:36 DUE TO TIME LIMIT ***
slurmstepd: error: *** JOB 21001 ON c0017 CANCELLED AT 2022-08-08T23:41:36 DUE TO TIME LIMIT ***
[C 23:41:36.542 NotebookApp] received signal 15, stopping
srun: got SIGCONT
srun: forcing job termination
[C 23:41:36.543 NotebookApp] received signal 15, stopping
[I 23:41:36.544 NotebookApp] Shutting down 3 kernels
[I 23:41:36.545 NotebookApp] Kernel shutdown: c9d8e5d7-5c3e-463c-86be-3fefbea4b174
